{"/home/samuk/coe/pomodo/src/components/timer/CategoryManager.vue": {"path":"/home/samuk/coe/pomodo/src/components/timer/CategoryManager.vue","statementMap":{"0":{"start":{"line":11,"column":13},"end":{"line":11,"column":null}},"1":{"start":{"line":13,"column":6},"end":{"line":13,"column":null}},"2":{"start":{"line":16,"column":0},"end":{"line":20,"column":null}},"3":{"start":{"line":17,"column":1},"end":{"line":19,"column":null}},"4":{"start":{"line":18,"column":2},"end":{"line":18,"column":null}},"5":{"start":{"line":23,"column":6},"end":{"line":23,"column":null}},"6":{"start":{"line":24,"column":6},"end":{"line":24,"column":null}},"7":{"start":{"line":25,"column":6},"end":{"line":25,"column":null}},"8":{"start":{"line":26,"column":6},"end":{"line":26,"column":null}},"9":{"start":{"line":27,"column":6},"end":{"line":27,"column":null}},"10":{"start":{"line":30,"column":6},"end":{"line":30,"column":null}},"11":{"start":{"line":31,"column":6},"end":{"line":31,"column":null}},"12":{"start":{"line":32,"column":23},"end":{"line":32,"column":null}},"13":{"start":{"line":36,"column":21},"end":{"line":46,"column":null}},"14":{"start":{"line":37,"column":1},"end":{"line":44,"column":null}},"15":{"start":{"line":39,"column":2},"end":{"line":41,"column":null}},"16":{"start":{"line":43,"column":2},"end":{"line":43,"column":null}},"17":{"start":{"line":45,"column":1},"end":{"line":45,"column":null}},"18":{"start":{"line":50,"column":6},"end":{"line":50,"column":null}},"19":{"start":{"line":54,"column":18},"end":{"line":87,"column":null}},"20":{"start":{"line":55,"column":1},"end":{"line":55,"column":null}},"21":{"start":{"line":55,"column":61},"end":{"line":55,"column":null}},"22":{"start":{"line":57,"column":30},"end":{"line":57,"column":null}},"23":{"start":{"line":58,"column":30},"end":{"line":58,"column":null}},"24":{"start":{"line":61,"column":1},"end":{"line":70,"column":null}},"25":{"start":{"line":62,"column":2},"end":{"line":69,"column":null}},"26":{"start":{"line":63,"column":20},"end":{"line":65,"column":null}},"27":{"start":{"line":64,"column":11},"end":{"line":64,"column":null}},"28":{"start":{"line":66,"column":3},"end":{"line":68,"column":null}},"29":{"start":{"line":67,"column":4},"end":{"line":67,"column":null}},"30":{"start":{"line":73,"column":1},"end":{"line":81,"column":null}},"31":{"start":{"line":74,"column":2},"end":{"line":80,"column":null}},"32":{"start":{"line":74,"column":44},"end":{"line":74,"column":64}},"33":{"start":{"line":75,"column":3},"end":{"line":75,"column":null}},"34":{"start":{"line":77,"column":3},"end":{"line":79,"column":null}},"35":{"start":{"line":78,"column":4},"end":{"line":78,"column":null}},"36":{"start":{"line":83,"column":1},"end":{"line":83,"column":null}},"37":{"start":{"line":83,"column":26},"end":{"line":83,"column":null}},"38":{"start":{"line":84,"column":1},"end":{"line":84,"column":null}},"39":{"start":{"line":84,"column":26},"end":{"line":84,"column":null}},"40":{"start":{"line":86,"column":1},"end":{"line":86,"column":null}},"41":{"start":{"line":89,"column":20},"end":{"line":92,"column":null}},"42":{"start":{"line":90,"column":1},"end":{"line":90,"column":null}},"43":{"start":{"line":91,"column":1},"end":{"line":91,"column":null}},"44":{"start":{"line":94,"column":23},"end":{"line":98,"column":null}},"45":{"start":{"line":95,"column":1},"end":{"line":95,"column":null}},"46":{"start":{"line":96,"column":1},"end":{"line":96,"column":null}},"47":{"start":{"line":97,"column":1},"end":{"line":97,"column":null}},"48":{"start":{"line":101,"column":21},"end":{"line":104,"column":null}},"49":{"start":{"line":102,"column":1},"end":{"line":102,"column":null}},"50":{"start":{"line":103,"column":1},"end":{"line":103,"column":null}},"51":{"start":{"line":106,"column":22},"end":{"line":114,"column":null}},"52":{"start":{"line":107,"column":1},"end":{"line":107,"column":null}},"53":{"start":{"line":107,"column":30},"end":{"line":107,"column":null}},"54":{"start":{"line":109,"column":1},"end":{"line":111,"column":null}},"55":{"start":{"line":110,"column":9},"end":{"line":110,"column":null}},"56":{"start":{"line":112,"column":1},"end":{"line":112,"column":null}},"57":{"start":{"line":113,"column":1},"end":{"line":113,"column":null}},"58":{"start":{"line":144,"column":29},"end":{"line":144,"column":null}},"59":{"start":{"line":118,"column":23},"end":{"line":118,"column":35}},"60":{"start":{"line":119,"column":59},"end":{"line":125,"column":null}},"61":{"start":{"line":140,"column":48},"end":{"line":140,"column":69}},"62":{"start":{"line":140,"column":69},"end":{"line":140,"column":null}},"63":{"start":{"line":141,"column":46},"end":{"line":141,"column":46}},"64":{"start":{"line":145,"column":78},"end":{"line":145,"column":107}},"65":{"start":{"line":147,"column":28},"end":{"line":147,"column":36}},"66":{"start":{"line":154,"column":41},"end":{"line":154,"column":null}},"67":{"start":{"line":160,"column":53},"end":{"line":160,"column":null}},"68":{"start":{"line":169,"column":49},"end":{"line":169,"column":80}},"69":{"start":{"line":190,"column":23},"end":{"line":190,"column":42}},"70":{"start":{"line":192,"column":58},"end":{"line":192,"column":102}},"71":{"start":{"line":195,"column":45},"end":{"line":195,"column":80}},"72":{"start":{"line":201,"column":23},"end":{"line":201,"column":45}},"73":{"start":{"line":203,"column":48},"end":{"line":203,"column":81}},"74":{"start":{"line":204,"column":31},"end":{"line":204,"column":51}},"75":{"start":{"line":207,"column":45},"end":{"line":207,"column":83}}},"fnMap":{"0":{"name":"(anonymous_0)","decl":{"start":{"line":16,"column":10},"end":{"line":16,"column":16}},"loc":{"start":{"line":16,"column":16},"end":{"line":20,"column":1}},"line":16},"1":{"name":"(anonymous_1)","decl":{"start":{"line":36,"column":21},"end":{"line":36,"column":27}},"loc":{"start":{"line":36,"column":27},"end":{"line":46,"column":null}},"line":36},"2":{"name":"(anonymous_2)","decl":{"start":{"line":54,"column":18},"end":{"line":54,"column":30}},"loc":{"start":{"line":54,"column":30},"end":{"line":87,"column":null}},"line":54},"3":{"name":"(anonymous_3)","decl":{"start":{"line":64,"column":4},"end":{"line":64,"column":5}},"loc":{"start":{"line":64,"column":11},"end":{"line":64,"column":null}},"line":64},"4":{"name":"(anonymous_4)","decl":{"start":{"line":74,"column":37},"end":{"line":74,"column":38}},"loc":{"start":{"line":74,"column":44},"end":{"line":74,"column":64}},"line":74},"5":{"name":"(anonymous_5)","decl":{"start":{"line":89,"column":20},"end":{"line":89,"column":26}},"loc":{"start":{"line":89,"column":26},"end":{"line":92,"column":null}},"line":89},"6":{"name":"(anonymous_6)","decl":{"start":{"line":94,"column":23},"end":{"line":94,"column":35}},"loc":{"start":{"line":94,"column":35},"end":{"line":98,"column":null}},"line":94},"7":{"name":"(anonymous_7)","decl":{"start":{"line":101,"column":21},"end":{"line":101,"column":22}},"loc":{"start":{"line":101,"column":40},"end":{"line":104,"column":null}},"line":101},"8":{"name":"(anonymous_8)","decl":{"start":{"line":106,"column":22},"end":{"line":106,"column":28}},"loc":{"start":{"line":106,"column":28},"end":{"line":114,"column":null}},"line":106},"9":{"name":"(anonymous_9)","decl":{"start":{"line":110,"column":2},"end":{"line":110,"column":3}},"loc":{"start":{"line":110,"column":9},"end":{"line":110,"column":null}},"line":110},"10":{"name":"(anonymous_10)","decl":{"start":{"line":118,"column":23},"end":{"line":118,"column":33}},"loc":{"start":{"line":118,"column":23},"end":{"line":118,"column":35}},"line":118},"11":{"name":"(anonymous_11)","decl":{"start":{"line":120,"column":12},"end":{"line":120,"column":null}},"loc":{"start":{"line":119,"column":59},"end":{"line":125,"column":null}},"line":119},"12":{"name":"(anonymous_12)","decl":{"start":{"line":140,"column":38},"end":{"line":140,"column":48}},"loc":{"start":{"line":140,"column":38},"end":{"line":140,"column":null}},"line":140},"13":{"name":"(anonymous_13)","decl":{"start":{"line":141,"column":32},"end":{"line":141,"column":35}},"loc":{"start":{"line":141,"column":46},"end":{"line":141,"column":46}},"line":141},"14":{"name":"(anonymous_14)","decl":{"start":{"line":145,"column":76},"end":{"line":145,"column":78}},"loc":{"start":{"line":145,"column":78},"end":{"line":145,"column":107}},"line":145},"15":{"name":"(anonymous_15)","decl":{"start":{"line":145,"column":107},"end":{"line":145,"column":null}},"loc":{"start":{"line":147,"column":28},"end":{"line":147,"column":36}},"line":147},"16":{"name":"(anonymous_16)","decl":{"start":{"line":154,"column":45},"end":{"line":154,"column":49}},"loc":{"start":{"line":154,"column":41},"end":{"line":154,"column":null}},"line":154},"17":{"name":"(anonymous_17)","decl":{"start":{"line":160,"column":51},"end":{"line":160,"column":53}},"loc":{"start":{"line":160,"column":53},"end":{"line":160,"column":null}},"line":160},"18":{"name":"(anonymous_18)","decl":{"start":{"line":169,"column":47},"end":{"line":169,"column":49}},"loc":{"start":{"line":169,"column":49},"end":{"line":169,"column":80}},"line":169},"19":{"name":"(anonymous_19)","decl":{"start":{"line":190,"column":23},"end":{"line":190,"column":40}},"loc":{"start":{"line":190,"column":23},"end":{"line":190,"column":42}},"line":190},"20":{"name":"(anonymous_20)","decl":{"start":{"line":192,"column":25},"end":{"line":192,"column":58}},"loc":{"start":{"line":192,"column":58},"end":{"line":192,"column":102}},"line":192},"21":{"name":"(anonymous_21)","decl":{"start":{"line":195,"column":43},"end":{"line":195,"column":45}},"loc":{"start":{"line":195,"column":45},"end":{"line":195,"column":80}},"line":195},"22":{"name":"(anonymous_22)","decl":{"start":{"line":201,"column":23},"end":{"line":201,"column":43}},"loc":{"start":{"line":201,"column":23},"end":{"line":201,"column":45}},"line":201},"23":{"name":"(anonymous_23)","decl":{"start":{"line":203,"column":60},"end":{"line":203,"column":64}},"loc":{"start":{"line":203,"column":48},"end":{"line":203,"column":81}},"line":203},"24":{"name":"(anonymous_24)","decl":{"start":{"line":204,"column":43},"end":{"line":204,"column":48}},"loc":{"start":{"line":204,"column":31},"end":{"line":204,"column":51}},"line":204},"25":{"name":"(anonymous_25)","decl":{"start":{"line":207,"column":43},"end":{"line":207,"column":45}},"loc":{"start":{"line":207,"column":45},"end":{"line":207,"column":83}},"line":207}},"branchMap":{"0":{"loc":{"start":{"line":17,"column":1},"end":{"line":19,"column":null}},"type":"if","locations":[{"start":{"line":17,"column":1},"end":{"line":19,"column":null}},{"start":{},"end":{}}],"line":17},"1":{"loc":{"start":{"line":37,"column":1},"end":{"line":44,"column":null}},"type":"if","locations":[{"start":{"line":37,"column":1},"end":{"line":44,"column":null}},{"start":{"line":42,"column":8},"end":{"line":44,"column":null}}],"line":37},"2":{"loc":{"start":{"line":55,"column":1},"end":{"line":55,"column":null}},"type":"if","locations":[{"start":{"line":55,"column":1},"end":{"line":55,"column":null}},{"start":{},"end":{}}],"line":55},"3":{"loc":{"start":{"line":55,"column":5},"end":{"line":55,"column":61}},"type":"binary-expr","locations":[{"start":{"line":55,"column":5},"end":{"line":55,"column":34}},{"start":{"line":55,"column":34},"end":{"line":55,"column":61}}],"line":55},"4":{"loc":{"start":{"line":62,"column":2},"end":{"line":69,"column":null}},"type":"if","locations":[{"start":{"line":62,"column":2},"end":{"line":69,"column":null}},{"start":{},"end":{}}],"line":62},"5":{"loc":{"start":{"line":66,"column":3},"end":{"line":68,"column":null}},"type":"if","locations":[{"start":{"line":66,"column":3},"end":{"line":68,"column":null}},{"start":{},"end":{}}],"line":66},"6":{"loc":{"start":{"line":66,"column":7},"end":{"line":66,"column":53}},"type":"binary-expr","locations":[{"start":{"line":66,"column":7},"end":{"line":66,"column":19}},{"start":{"line":66,"column":19},"end":{"line":66,"column":53}}],"line":66},"7":{"loc":{"start":{"line":74,"column":2},"end":{"line":80,"column":null}},"type":"if","locations":[{"start":{"line":74,"column":2},"end":{"line":80,"column":null}},{"start":{},"end":{}}],"line":74},"8":{"loc":{"start":{"line":77,"column":3},"end":{"line":79,"column":null}},"type":"if","locations":[{"start":{"line":77,"column":3},"end":{"line":79,"column":null}},{"start":{},"end":{}}],"line":77},"9":{"loc":{"start":{"line":83,"column":1},"end":{"line":83,"column":null}},"type":"if","locations":[{"start":{"line":83,"column":1},"end":{"line":83,"column":null}},{"start":{},"end":{}}],"line":83},"10":{"loc":{"start":{"line":84,"column":1},"end":{"line":84,"column":null}},"type":"if","locations":[{"start":{"line":84,"column":1},"end":{"line":84,"column":null}},{"start":{},"end":{}}],"line":84},"11":{"loc":{"start":{"line":107,"column":1},"end":{"line":107,"column":null}},"type":"if","locations":[{"start":{"line":107,"column":1},"end":{"line":107,"column":null}},{"start":{},"end":{}}],"line":107},"12":{"loc":{"start":{"line":118,"column":23},"end":{"line":118,"column":35}},"type":"binary-expr","locations":[{"start":{"line":118,"column":23},"end":{"line":118,"column":33}},{"start":{"line":118,"column":23},"end":{"line":118,"column":35}}],"line":118},"13":{"loc":{"start":{"line":121,"column":24},"end":{"line":121,"column":null}},"type":"cond-expr","locations":[{"start":{"line":121,"column":43},"end":{"line":121,"column":65}},{"start":{"line":121,"column":65},"end":{"line":121,"column":null}}],"line":121},"14":{"loc":{"start":{"line":122,"column":23},"end":{"line":122,"column":null}},"type":"cond-expr","locations":[{"start":{"line":122,"column":42},"end":{"line":122,"column":63}},{"start":{"line":122,"column":63},"end":{"line":122,"column":null}}],"line":122},"15":{"loc":{"start":{"line":149,"column":26},"end":{"line":137,"column":30}},"type":"cond-expr","locations":[{"start":{"line":135,"column":95},"end":{"line":137,"column":30}},{"start":{"line":137,"column":24},"end":{"line":137,"column":30}}],"line":149},"16":{"loc":{"start":{"line":149,"column":26},"end":{"line":135,"column":103}},"type":"binary-expr","locations":[{"start":{"line":149,"column":26},"end":{"line":135,"column":64}},{"start":{"line":135,"column":64},"end":{"line":135,"column":103}}],"line":149},"17":{"loc":{"start":{"line":145,"column":76},"end":{"line":145,"column":107}},"type":"binary-expr","locations":[{"start":{"line":145,"column":76},"end":{"line":145,"column":78}},{"start":{"line":145,"column":76},"end":{"line":145,"column":107}}],"line":145},"18":{"loc":{"start":{"line":147,"column":28},"end":{"line":147,"column":36}},"type":"binary-expr","locations":[{"start":{"line":147,"column":28},"end":{"line":147,"column":36}},{"start":{"line":147,"column":28},"end":{"line":147,"column":36}}],"line":147},"19":{"loc":{"start":{"line":169,"column":101},"end":{"line":169,"column":80}},"type":"cond-expr","locations":[{"start":{"line":169,"column":80},"end":{"line":169,"column":80}},{"start":{"line":169,"column":63},"end":{"line":169,"column":80}}],"line":169},"20":{"loc":{"start":{"line":177,"column":37},"end":{"line":177,"column":null}},"type":"binary-expr","locations":[{"start":{"line":177,"column":37},"end":{"line":177,"column":68}},{"start":{"line":177,"column":68},"end":{"line":177,"column":null}}],"line":177},"21":{"loc":{"start":{"line":190,"column":23},"end":{"line":190,"column":42}},"type":"binary-expr","locations":[{"start":{"line":190,"column":23},"end":{"line":190,"column":40}},{"start":{"line":190,"column":23},"end":{"line":190,"column":42}}],"line":190},"22":{"loc":{"start":{"line":195,"column":43},"end":{"line":195,"column":80}},"type":"binary-expr","locations":[{"start":{"line":195,"column":43},"end":{"line":195,"column":45}},{"start":{"line":195,"column":43},"end":{"line":195,"column":80}}],"line":195},"23":{"loc":{"start":{"line":201,"column":23},"end":{"line":201,"column":45}},"type":"binary-expr","locations":[{"start":{"line":201,"column":23},"end":{"line":201,"column":43}},{"start":{"line":201,"column":23},"end":{"line":201,"column":45}}],"line":201},"24":{"loc":{"start":{"line":203,"column":60},"end":{"line":203,"column":81}},"type":"binary-expr","locations":[{"start":{"line":203,"column":60},"end":{"line":203,"column":64}},{"start":{"line":203,"column":60},"end":{"line":203,"column":81}}],"line":203},"25":{"loc":{"start":{"line":204,"column":43},"end":{"line":204,"column":51}},"type":"binary-expr","locations":[{"start":{"line":204,"column":43},"end":{"line":204,"column":48}},{"start":{"line":204,"column":43},"end":{"line":204,"column":51}}],"line":204},"26":{"loc":{"start":{"line":207,"column":43},"end":{"line":207,"column":83}},"type":"binary-expr","locations":[{"start":{"line":207,"column":43},"end":{"line":207,"column":45}},{"start":{"line":207,"column":43},"end":{"line":207,"column":83}}],"line":207}},"s":{"0":3,"1":3,"2":3,"3":3,"4":3,"5":3,"6":3,"7":3,"8":3,"9":3,"10":3,"11":3,"12":3,"13":3,"14":0,"15":0,"16":0,"17":0,"18":3,"19":3,"20":0,"21":0,"22":0,"23":0,"24":0,"25":0,"26":0,"27":0,"28":0,"29":0,"30":0,"31":0,"32":0,"33":0,"34":0,"35":0,"36":0,"37":0,"38":0,"39":0,"40":0,"41":3,"42":0,"43":0,"44":3,"45":0,"46":0,"47":0,"48":3,"49":0,"50":0,"51":3,"52":0,"53":0,"54":0,"55":0,"56":0,"57":0,"58":2,"59":0,"60":3,"61":1,"62":1,"63":6,"64":0,"65":3,"66":0,"67":0,"68":0,"69":0,"70":3,"71":0,"72":0,"73":0,"74":0,"75":0},"f":{"0":3,"1":0,"2":0,"3":0,"4":0,"5":0,"6":0,"7":0,"8":0,"9":0,"10":0,"11":3,"12":1,"13":6,"14":0,"15":3,"16":0,"17":0,"18":0,"19":0,"20":3,"21":0,"22":0,"23":0,"24":0,"25":0},"b":{"0":[3,0],"1":[0,0],"2":[0,0],"3":[0,0],"4":[0,0],"5":[0,0],"6":[0,0],"7":[0,0],"8":[0,0],"9":[0,0],"10":[0,0],"11":[0,0],"12":[3,3],"13":[0,3],"14":[0,3],"15":[3,3],"16":[6,6],"17":[6,3],"18":[3,3],"19":[6,0],"20":[6,6],"21":[3,3],"22":[3,3],"23":[3,3],"24":[3,3],"25":[3,3],"26":[3,3]},"meta":{"lastBranch":27,"lastFunction":26,"lastStatement":76,"seen":{"s:11:13:11:Infinity":0,"s:13:6:13:Infinity":1,"s:16:0:20:Infinity":2,"f:16:10:16:16":0,"b:17:1:19:Infinity:undefined:undefined:undefined:undefined":0,"s:17:1:19:Infinity":3,"s:18:2:18:Infinity":4,"s:23:6:23:Infinity":5,"s:24:6:24:Infinity":6,"s:25:6:25:Infinity":7,"s:26:6:26:Infinity":8,"s:27:6:27:Infinity":9,"s:30:6:30:Infinity":10,"s:31:6:31:Infinity":11,"s:32:23:32:Infinity":12,"s:36:21:46:Infinity":13,"f:36:21:36:27":1,"b:37:1:44:Infinity:42:8:44:Infinity":1,"s:37:1:44:Infinity":14,"s:39:2:41:Infinity":15,"s:43:2:43:Infinity":16,"s:45:1:45:Infinity":17,"s:50:6:50:Infinity":18,"s:54:18:87:Infinity":19,"f:54:18:54:30":2,"b:55:1:55:Infinity:undefined:undefined:undefined:undefined":2,"s:55:1:55:Infinity":20,"b:55:5:55:34:55:34:55:61":3,"s:55:61:55:Infinity":21,"s:57:30:57:Infinity":22,"s:58:30:58:Infinity":23,"s:61:1:70:Infinity":24,"b:62:2:69:Infinity:undefined:undefined:undefined:undefined":4,"s:62:2:69:Infinity":25,"s:63:20:65:Infinity":26,"f:64:4:64:5":3,"s:64:11:64:Infinity":27,"b:66:3:68:Infinity:undefined:undefined:undefined:undefined":5,"s:66:3:68:Infinity":28,"b:66:7:66:19:66:19:66:53":6,"s:67:4:67:Infinity":29,"s:73:1:81:Infinity":30,"b:74:2:80:Infinity:undefined:undefined:undefined:undefined":7,"s:74:2:80:Infinity":31,"f:74:37:74:38":4,"s:74:44:74:64":32,"s:75:3:75:Infinity":33,"b:77:3:79:Infinity:undefined:undefined:undefined:undefined":8,"s:77:3:79:Infinity":34,"s:78:4:78:Infinity":35,"b:83:1:83:Infinity:undefined:undefined:undefined:undefined":9,"s:83:1:83:Infinity":36,"s:83:26:83:Infinity":37,"b:84:1:84:Infinity:undefined:undefined:undefined:undefined":10,"s:84:1:84:Infinity":38,"s:84:26:84:Infinity":39,"s:86:1:86:Infinity":40,"s:89:20:92:Infinity":41,"f:89:20:89:26":5,"s:90:1:90:Infinity":42,"s:91:1:91:Infinity":43,"s:94:23:98:Infinity":44,"f:94:23:94:35":6,"s:95:1:95:Infinity":45,"s:96:1:96:Infinity":46,"s:97:1:97:Infinity":47,"s:101:21:104:Infinity":48,"f:101:21:101:22":7,"s:102:1:102:Infinity":49,"s:103:1:103:Infinity":50,"s:106:22:114:Infinity":51,"f:106:22:106:28":8,"b:107:1:107:Infinity:undefined:undefined:undefined:undefined":11,"s:107:1:107:Infinity":52,"s:107:30:107:Infinity":53,"s:109:1:111:Infinity":54,"f:110:2:110:3":9,"s:110:9:110:Infinity":55,"s:112:1:112:Infinity":56,"s:113:1:113:Infinity":57,"s:144:29:144:Infinity":58,"b:118:23:118:33:118:23:118:35":12,"f:118:23:118:33":10,"s:118:23:118:35":59,"f:120:12:120:Infinity":11,"s:119:59:125:Infinity":60,"b:121:43:121:65:121:65:121:Infinity":13,"b:122:42:122:63:122:63:122:Infinity":14,"b:135:95:137:30:137:24:137:30":15,"b:149:26:135:64:135:64:135:103":16,"f:140:38:140:48":12,"s:140:48:140:69":61,"s:140:69:140:Infinity":62,"f:141:32:141:35":13,"s:141:46:141:46":63,"b:145:76:145:78:145:76:145:107":17,"f:145:76:145:78":14,"s:145:78:145:107":64,"f:145:107:145:Infinity":15,"s:147:28:147:36":65,"b:147:28:147:36:147:28:147:36":18,"f:154:45:154:49":16,"s:154:41:154:Infinity":66,"f:160:51:160:53":17,"s:160:53:160:Infinity":67,"b:169:80:169:80:169:63:169:80":19,"f:169:47:169:49":18,"s:169:49:169:80":68,"b:177:37:177:68:177:68:177:Infinity":20,"b:190:23:190:40:190:23:190:42":21,"f:190:23:190:40":19,"s:190:23:190:42":69,"f:192:25:192:58":20,"s:192:58:192:102":70,"b:195:43:195:45:195:43:195:80":22,"f:195:43:195:45":21,"s:195:45:195:80":71,"b:201:23:201:43:201:23:201:45":23,"f:201:23:201:43":22,"s:201:23:201:45":72,"b:203:60:203:64:203:60:203:81":24,"f:203:60:203:64":23,"s:203:48:203:81":73,"b:204:43:204:48:204:43:204:51":25,"f:204:43:204:48":24,"s:204:31:204:51":74,"b:207:43:207:45:207:43:207:83":26,"f:207:43:207:45":25,"s:207:45:207:83":75}}}
,"/home/samuk/coe/pomodo/src/funcs/db/categories.ts": {"path":"/home/samuk/coe/pomodo/src/funcs/db/categories.ts","statementMap":{"0":{"start":{"line":4,"column":23},"end":{"line":11,"column":null}},"1":{"start":{"line":5,"column":20},"end":{"line":5,"column":null}},"2":{"start":{"line":6,"column":1},"end":{"line":10,"column":null}},"3":{"start":{"line":7,"column":2},"end":{"line":7,"column":null}},"4":{"start":{"line":9,"column":2},"end":{"line":9,"column":null}},"5":{"start":{"line":13,"column":21},"end":{"line":16,"column":null}},"6":{"start":{"line":14,"column":13},"end":{"line":14,"column":null}},"7":{"start":{"line":15,"column":1},"end":{"line":15,"column":null}},"8":{"start":{"line":18,"column":24},"end":{"line":23,"column":null}},"9":{"start":{"line":19,"column":13},"end":{"line":21,"column":null}},"10":{"start":{"line":22,"column":1},"end":{"line":22,"column":null}},"11":{"start":{"line":25,"column":29},"end":{"line":31,"column":null}},"12":{"start":{"line":26,"column":13},"end":{"line":29,"column":null}},"13":{"start":{"line":30,"column":1},"end":{"line":30,"column":null}},"14":{"start":{"line":33,"column":35},"end":{"line":37,"column":null}},"15":{"start":{"line":34,"column":1},"end":{"line":36,"column":null}},"16":{"start":{"line":35,"column":2},"end":{"line":35,"column":null}},"17":{"start":{"line":39,"column":30},"end":{"line":43,"column":null}},"18":{"start":{"line":40,"column":1},"end":{"line":42,"column":null}},"19":{"start":{"line":41,"column":2},"end":{"line":41,"column":null}}},"fnMap":{"0":{"name":"(anonymous_0)","decl":{"start":{"line":4,"column":23},"end":{"line":4,"column":35}},"loc":{"start":{"line":4,"column":35},"end":{"line":11,"column":null}},"line":4},"1":{"name":"(anonymous_1)","decl":{"start":{"line":13,"column":21},"end":{"line":13,"column":28}},"loc":{"start":{"line":13,"column":55},"end":{"line":16,"column":null}},"line":13},"2":{"name":"(anonymous_2)","decl":{"start":{"line":18,"column":24},"end":{"line":18,"column":31}},"loc":{"start":{"line":18,"column":55},"end":{"line":23,"column":null}},"line":18},"3":{"name":"(anonymous_3)","decl":{"start":{"line":25,"column":29},"end":{"line":25,"column":36}},"loc":{"start":{"line":25,"column":78},"end":{"line":31,"column":null}},"line":25},"4":{"name":"(anonymous_4)","decl":{"start":{"line":33,"column":35},"end":{"line":33,"column":42}},"loc":{"start":{"line":33,"column":73},"end":{"line":37,"column":null}},"line":33},"5":{"name":"(anonymous_5)","decl":{"start":{"line":39,"column":30},"end":{"line":39,"column":37}},"loc":{"start":{"line":39,"column":68},"end":{"line":43,"column":null}},"line":39}},"branchMap":{"0":{"loc":{"start":{"line":6,"column":1},"end":{"line":10,"column":null}},"type":"if","locations":[{"start":{"line":6,"column":1},"end":{"line":10,"column":null}},{"start":{"line":8,"column":8},"end":{"line":10,"column":null}}],"line":6}},"s":{"0":2,"1":0,"2":0,"3":0,"4":0,"5":2,"6":0,"7":0,"8":2,"9":0,"10":0,"11":2,"12":0,"13":0,"14":2,"15":0,"16":0,"17":2,"18":0,"19":0},"f":{"0":0,"1":0,"2":0,"3":0,"4":0,"5":0},"b":{"0":[0,0]},"meta":{"lastBranch":1,"lastFunction":6,"lastStatement":20,"seen":{"s:4:23:11:Infinity":0,"f:4:23:4:35":0,"s:5:20:5:Infinity":1,"b:6:1:10:Infinity:8:8:10:Infinity":0,"s:6:1:10:Infinity":2,"s:7:2:7:Infinity":3,"s:9:2:9:Infinity":4,"s:13:21:16:Infinity":5,"f:13:21:13:28":1,"s:14:13:14:Infinity":6,"s:15:1:15:Infinity":7,"s:18:24:23:Infinity":8,"f:18:24:18:31":2,"s:19:13:21:Infinity":9,"s:22:1:22:Infinity":10,"s:25:29:31:Infinity":11,"f:25:29:25:36":3,"s:26:13:29:Infinity":12,"s:30:1:30:Infinity":13,"s:33:35:37:Infinity":14,"f:33:35:33:42":4,"s:34:1:36:Infinity":15,"s:35:2:35:Infinity":16,"s:39:30:43:Infinity":17,"f:39:30:39:37":5,"s:40:1:42:Infinity":18,"s:41:2:41:Infinity":19}}}
,"/home/samuk/coe/pomodo/src/funcs/db/sesssion.ts": {"path":"/home/samuk/coe/pomodo/src/funcs/db/sesssion.ts","statementMap":{"0":{"start":{"line":4,"column":20},"end":{"line":7,"column":null}},"1":{"start":{"line":5,"column":13},"end":{"line":5,"column":null}},"2":{"start":{"line":6,"column":1},"end":{"line":6,"column":null}},"3":{"start":{"line":9,"column":23},"end":{"line":14,"column":null}},"4":{"start":{"line":10,"column":13},"end":{"line":12,"column":null}},"5":{"start":{"line":13,"column":1},"end":{"line":13,"column":null}},"6":{"start":{"line":16,"column":30},"end":{"line":25,"column":null}},"7":{"start":{"line":17,"column":18},"end":{"line":17,"column":null}},"8":{"start":{"line":18,"column":12},"end":{"line":18,"column":null}},"9":{"start":{"line":19,"column":1},"end":{"line":24,"column":null}},"10":{"start":{"line":20,"column":14},"end":{"line":20,"column":null}},"11":{"start":{"line":21,"column":2},"end":{"line":21,"column":null}},"12":{"start":{"line":23,"column":2},"end":{"line":23,"column":null}},"13":{"start":{"line":27,"column":36},"end":{"line":36,"column":null}},"14":{"start":{"line":28,"column":7},"end":{"line":34,"column":null}},"15":{"start":{"line":30,"column":16},"end":{"line":30,"column":null}},"16":{"start":{"line":31,"column":22},"end":{"line":31,"column":null}},"17":{"start":{"line":32,"column":3},"end":{"line":32,"column":null}},"18":{"start":{"line":35,"column":1},"end":{"line":35,"column":null}},"19":{"start":{"line":38,"column":21},"end":{"line":45,"column":null}},"20":{"start":{"line":39,"column":18},"end":{"line":39,"column":null}},"21":{"start":{"line":40,"column":1},"end":{"line":44,"column":null}},"22":{"start":{"line":41,"column":2},"end":{"line":41,"column":null}},"23":{"start":{"line":43,"column":2},"end":{"line":43,"column":null}},"24":{"start":{"line":47,"column":27},"end":{"line":56,"column":null}},"25":{"start":{"line":48,"column":18},"end":{"line":48,"column":null}},"26":{"start":{"line":49,"column":1},"end":{"line":55,"column":null}},"27":{"start":{"line":50,"column":2},"end":{"line":54,"column":null}},"28":{"start":{"line":51,"column":3},"end":{"line":53,"column":null}},"29":{"start":{"line":52,"column":4},"end":{"line":52,"column":null}}},"fnMap":{"0":{"name":"(anonymous_0)","decl":{"start":{"line":4,"column":20},"end":{"line":4,"column":27}},"loc":{"start":{"line":4,"column":48},"end":{"line":7,"column":null}},"line":4},"1":{"name":"(anonymous_1)","decl":{"start":{"line":9,"column":23},"end":{"line":9,"column":30}},"loc":{"start":{"line":9,"column":53},"end":{"line":14,"column":null}},"line":9},"2":{"name":"(anonymous_2)","decl":{"start":{"line":16,"column":30},"end":{"line":16,"column":42}},"loc":{"start":{"line":16,"column":42},"end":{"line":25,"column":null}},"line":16},"3":{"name":"(anonymous_3)","decl":{"start":{"line":27,"column":36},"end":{"line":27,"column":48}},"loc":{"start":{"line":27,"column":48},"end":{"line":36,"column":null}},"line":27},"4":{"name":"(anonymous_4)","decl":{"start":{"line":29,"column":2},"end":{"line":29,"column":3}},"loc":{"start":{"line":29,"column":27},"end":{"line":33,"column":null}},"line":29},"5":{"name":"(anonymous_5)","decl":{"start":{"line":38,"column":21},"end":{"line":38,"column":33}},"loc":{"start":{"line":38,"column":33},"end":{"line":45,"column":null}},"line":38},"6":{"name":"(anonymous_6)","decl":{"start":{"line":47,"column":27},"end":{"line":47,"column":39}},"loc":{"start":{"line":47,"column":39},"end":{"line":56,"column":null}},"line":47}},"branchMap":{"0":{"loc":{"start":{"line":19,"column":1},"end":{"line":24,"column":null}},"type":"if","locations":[{"start":{"line":19,"column":1},"end":{"line":24,"column":null}},{"start":{"line":22,"column":8},"end":{"line":24,"column":null}}],"line":19},"1":{"loc":{"start":{"line":40,"column":1},"end":{"line":44,"column":null}},"type":"if","locations":[{"start":{"line":40,"column":1},"end":{"line":44,"column":null}},{"start":{"line":42,"column":8},"end":{"line":44,"column":null}}],"line":40},"2":{"loc":{"start":{"line":49,"column":1},"end":{"line":55,"column":null}},"type":"if","locations":[{"start":{"line":49,"column":1},"end":{"line":55,"column":null}},{"start":{},"end":{}}],"line":49},"3":{"loc":{"start":{"line":51,"column":3},"end":{"line":53,"column":null}},"type":"if","locations":[{"start":{"line":51,"column":3},"end":{"line":53,"column":null}},{"start":{},"end":{}}],"line":51}},"s":{"0":2,"1":0,"2":0,"3":2,"4":0,"5":0,"6":2,"7":0,"8":0,"9":0,"10":0,"11":0,"12":0,"13":2,"14":0,"15":0,"16":0,"17":0,"18":0,"19":2,"20":0,"21":0,"22":0,"23":0,"24":2,"25":0,"26":0,"27":0,"28":0,"29":0},"f":{"0":0,"1":0,"2":0,"3":0,"4":0,"5":0,"6":0},"b":{"0":[0,0],"1":[0,0],"2":[0,0],"3":[0,0]},"meta":{"lastBranch":4,"lastFunction":7,"lastStatement":30,"seen":{"s:4:20:7:Infinity":0,"f:4:20:4:27":0,"s:5:13:5:Infinity":1,"s:6:1:6:Infinity":2,"s:9:23:14:Infinity":3,"f:9:23:9:30":1,"s:10:13:12:Infinity":4,"s:13:1:13:Infinity":5,"s:16:30:25:Infinity":6,"f:16:30:16:42":2,"s:17:18:17:Infinity":7,"s:18:12:18:Infinity":8,"b:19:1:24:Infinity:22:8:24:Infinity":0,"s:19:1:24:Infinity":9,"s:20:14:20:Infinity":10,"s:21:2:21:Infinity":11,"s:23:2:23:Infinity":12,"s:27:36:36:Infinity":13,"f:27:36:27:48":3,"s:28:7:34:Infinity":14,"f:29:2:29:3":4,"s:30:16:30:Infinity":15,"s:31:22:31:Infinity":16,"s:32:3:32:Infinity":17,"s:35:1:35:Infinity":18,"s:38:21:45:Infinity":19,"f:38:21:38:33":5,"s:39:18:39:Infinity":20,"b:40:1:44:Infinity:42:8:44:Infinity":1,"s:40:1:44:Infinity":21,"s:41:2:41:Infinity":22,"s:43:2:43:Infinity":23,"s:47:27:56:Infinity":24,"f:47:27:47:39":6,"s:48:18:48:Infinity":25,"b:49:1:55:Infinity:undefined:undefined:undefined:undefined":2,"s:49:1:55:Infinity":26,"s:50:2:54:Infinity":27,"b:51:3:53:Infinity:undefined:undefined:undefined:undefined":3,"s:51:3:53:Infinity":28,"s:52:4:52:Infinity":29}}}
,"/home/samuk/coe/pomodo/src/funcs/db/settings.ts": {"path":"/home/samuk/coe/pomodo/src/funcs/db/settings.ts","statementMap":{"0":{"start":{"line":4,"column":21},"end":{"line":11,"column":null}},"1":{"start":{"line":5,"column":18},"end":{"line":5,"column":null}},"2":{"start":{"line":6,"column":1},"end":{"line":10,"column":null}},"3":{"start":{"line":7,"column":2},"end":{"line":7,"column":null}},"4":{"start":{"line":9,"column":2},"end":{"line":9,"column":null}},"5":{"start":{"line":12,"column":32},"end":{"line":25,"column":null}},"6":{"start":{"line":13,"column":20},"end":{"line":18,"column":null}},"7":{"start":{"line":16,"column":2},"end":{"line":16,"column":null}},"8":{"start":{"line":17,"column":2},"end":{"line":17,"column":null}},"9":{"start":{"line":20,"column":1},"end":{"line":24,"column":null}},"10":{"start":{"line":21,"column":2},"end":{"line":21,"column":null}},"11":{"start":{"line":23,"column":2},"end":{"line":23,"column":null}},"12":{"start":{"line":27,"column":26},"end":{"line":37,"column":null}},"13":{"start":{"line":28,"column":1},"end":{"line":28,"column":null}},"14":{"start":{"line":29,"column":13},"end":{"line":34,"column":null}},"15":{"start":{"line":33,"column":2},"end":{"line":33,"column":null}},"16":{"start":{"line":35,"column":1},"end":{"line":35,"column":null}},"17":{"start":{"line":36,"column":1},"end":{"line":36,"column":null}},"18":{"start":{"line":39,"column":34},"end":{"line":51,"column":null}},"19":{"start":{"line":40,"column":18},"end":{"line":45,"column":null}},"20":{"start":{"line":46,"column":1},"end":{"line":50,"column":null}},"21":{"start":{"line":47,"column":2},"end":{"line":47,"column":null}},"22":{"start":{"line":49,"column":2},"end":{"line":49,"column":null}}},"fnMap":{"0":{"name":"(anonymous_0)","decl":{"start":{"line":4,"column":21},"end":{"line":4,"column":33}},"loc":{"start":{"line":4,"column":33},"end":{"line":11,"column":null}},"line":4},"1":{"name":"(anonymous_1)","decl":{"start":{"line":12,"column":32},"end":{"line":12,"column":44}},"loc":{"start":{"line":12,"column":44},"end":{"line":25,"column":null}},"line":12},"2":{"name":"(anonymous_2)","decl":{"start":{"line":15,"column":9},"end":{"line":15,"column":10}},"loc":{"start":{"line":15,"column":18},"end":{"line":18,"column":2}},"line":15},"3":{"name":"(anonymous_3)","decl":{"start":{"line":27,"column":26},"end":{"line":27,"column":33}},"loc":{"start":{"line":27,"column":71},"end":{"line":37,"column":null}},"line":27},"4":{"name":"(anonymous_4)","decl":{"start":{"line":32,"column":10},"end":{"line":32,"column":11}},"loc":{"start":{"line":33,"column":2},"end":{"line":33,"column":null}},"line":33},"5":{"name":"(anonymous_5)","decl":{"start":{"line":39,"column":34},"end":{"line":39,"column":41}},"loc":{"start":{"line":39,"column":60},"end":{"line":51,"column":null}},"line":39}},"branchMap":{"0":{"loc":{"start":{"line":6,"column":1},"end":{"line":10,"column":null}},"type":"if","locations":[{"start":{"line":6,"column":1},"end":{"line":10,"column":null}},{"start":{"line":8,"column":8},"end":{"line":10,"column":null}}],"line":6},"1":{"loc":{"start":{"line":20,"column":1},"end":{"line":24,"column":null}},"type":"if","locations":[{"start":{"line":20,"column":1},"end":{"line":24,"column":null}},{"start":{"line":22,"column":8},"end":{"line":24,"column":null}}],"line":20},"2":{"loc":{"start":{"line":46,"column":1},"end":{"line":50,"column":null}},"type":"if","locations":[{"start":{"line":46,"column":1},"end":{"line":50,"column":null}},{"start":{"line":48,"column":8},"end":{"line":50,"column":null}}],"line":46}},"s":{"0":3,"1":0,"2":0,"3":0,"4":0,"5":3,"6":0,"7":0,"8":0,"9":0,"10":0,"11":0,"12":3,"13":0,"14":0,"15":0,"16":0,"17":0,"18":3,"19":0,"20":0,"21":0,"22":0},"f":{"0":0,"1":0,"2":0,"3":0,"4":0,"5":0},"b":{"0":[0,0],"1":[0,0],"2":[0,0]},"meta":{"lastBranch":3,"lastFunction":6,"lastStatement":23,"seen":{"s:4:21:11:Infinity":0,"f:4:21:4:33":0,"s:5:18:5:Infinity":1,"b:6:1:10:Infinity:8:8:10:Infinity":0,"s:6:1:10:Infinity":2,"s:7:2:7:Infinity":3,"s:9:2:9:Infinity":4,"s:12:32:25:Infinity":5,"f:12:32:12:44":1,"s:13:20:18:Infinity":6,"f:15:9:15:10":2,"s:16:2:16:Infinity":7,"s:17:2:17:Infinity":8,"b:20:1:24:Infinity:22:8:24:Infinity":1,"s:20:1:24:Infinity":9,"s:21:2:21:Infinity":10,"s:23:2:23:Infinity":11,"s:27:26:37:Infinity":12,"f:27:26:27:33":3,"s:28:1:28:Infinity":13,"s:29:13:34:Infinity":14,"f:32:10:32:11":4,"s:33:2:33:Infinity":15,"s:35:1:35:Infinity":16,"s:36:1:36:Infinity":17,"s:39:34:51:Infinity":18,"f:39:34:39:41":5,"s:40:18:45:Infinity":19,"b:46:1:50:Infinity:48:8:50:Infinity":2,"s:46:1:50:Infinity":20,"s:47:2:47:Infinity":21,"s:49:2:49:Infinity":22}}}
,"/home/samuk/coe/pomodo/src/pages/landing/TimerScreen.vue": {"path":"/home/samuk/coe/pomodo/src/pages/landing/TimerScreen.vue","statementMap":{"0":{"start":{"line":9,"column":6},"end":{"line":9,"column":null}},"1":{"start":{"line":10,"column":6},"end":{"line":10,"column":null}},"2":{"start":{"line":12,"column":0},"end":{"line":16,"column":null}},"3":{"start":{"line":13,"column":1},"end":{"line":15,"column":null}},"4":{"start":{"line":14,"column":2},"end":{"line":14,"column":null}},"5":{"start":{"line":18,"column":6},"end":{"line":23,"column":null}},"6":{"start":{"line":19,"column":1},"end":{"line":19,"column":null}},"7":{"start":{"line":19,"column":24},"end":{"line":19,"column":null}},"8":{"start":{"line":20,"column":1},"end":{"line":21,"column":null}},"9":{"start":{"line":21,"column":39},"end":{"line":21,"column":64}},"10":{"start":{"line":25,"column":6},"end":{"line":27,"column":null}},"11":{"start":{"line":26,"column":1},"end":{"line":26,"column":null}},"12":{"start":{"line":29,"column":6},"end":{"line":32,"column":null}},"13":{"start":{"line":31,"column":1},"end":{"line":31,"column":null}},"14":{"start":{"line":34,"column":6},"end":{"line":38,"column":null}},"15":{"start":{"line":35,"column":1},"end":{"line":35,"column":null}},"16":{"start":{"line":35,"column":36},"end":{"line":35,"column":null}},"17":{"start":{"line":37,"column":1},"end":{"line":37,"column":null}},"18":{"start":{"line":40,"column":6},"end":{"line":44,"column":null}},"19":{"start":{"line":41,"column":1},"end":{"line":41,"column":null}},"20":{"start":{"line":41,"column":36},"end":{"line":41,"column":null}},"21":{"start":{"line":43,"column":1},"end":{"line":43,"column":null}},"22":{"start":{"line":48,"column":9},"end":{"line":48,"column":null}},"23":{"start":{"line":55,"column":11},"end":{"line":55,"column":null}},"24":{"start":{"line":88,"column":13},"end":{"line":88,"column":null}},"25":{"start":{"line":78,"column":42},"end":{"line":78,"column":null}},"26":{"start":{"line":90,"column":24},"end":{"line":90,"column":null}},"27":{"start":{"line":98,"column":24},"end":{"line":98,"column":null}},"28":{"start":{"line":117,"column":24},"end":{"line":117,"column":null}}},"fnMap":{"0":{"name":"(anonymous_0)","decl":{"start":{"line":12,"column":10},"end":{"line":12,"column":16}},"loc":{"start":{"line":12,"column":16},"end":{"line":16,"column":1}},"line":12},"1":{"name":"(anonymous_1)","decl":{"start":{"line":18,"column":34},"end":{"line":18,"column":40}},"loc":{"start":{"line":18,"column":40},"end":{"line":23,"column":1}},"line":18},"2":{"name":"(anonymous_2)","decl":{"start":{"line":21,"column":32},"end":{"line":21,"column":33}},"loc":{"start":{"line":21,"column":39},"end":{"line":21,"column":64}},"line":21},"3":{"name":"(anonymous_3)","decl":{"start":{"line":25,"column":28},"end":{"line":25,"column":null}},"loc":{"start":{"line":26,"column":1},"end":{"line":26,"column":null}},"line":26},"4":{"name":"(anonymous_4)","decl":{"start":{"line":29,"column":38},"end":{"line":29,"column":44}},"loc":{"start":{"line":29,"column":44},"end":{"line":32,"column":1}},"line":29},"5":{"name":"(anonymous_5)","decl":{"start":{"line":34,"column":27},"end":{"line":34,"column":33}},"loc":{"start":{"line":34,"column":33},"end":{"line":38,"column":1}},"line":34},"6":{"name":"(anonymous_6)","decl":{"start":{"line":40,"column":28},"end":{"line":40,"column":34}},"loc":{"start":{"line":40,"column":34},"end":{"line":44,"column":1}},"line":40},"7":{"name":"(anonymous_7)","decl":{"start":{"line":78,"column":31},"end":{"line":78,"column":34}},"loc":{"start":{"line":78,"column":42},"end":{"line":78,"column":null}},"line":78},"8":{"name":"(anonymous_8)","decl":{"start":{"line":90,"column":22},"end":{"line":90,"column":24}},"loc":{"start":{"line":90,"column":24},"end":{"line":90,"column":null}},"line":90},"9":{"name":"(anonymous_9)","decl":{"start":{"line":98,"column":22},"end":{"line":98,"column":24}},"loc":{"start":{"line":98,"column":24},"end":{"line":98,"column":null}},"line":98},"10":{"name":"(anonymous_10)","decl":{"start":{"line":117,"column":22},"end":{"line":117,"column":24}},"loc":{"start":{"line":117,"column":24},"end":{"line":117,"column":null}},"line":117}},"branchMap":{"0":{"loc":{"start":{"line":13,"column":1},"end":{"line":15,"column":null}},"type":"if","locations":[{"start":{"line":13,"column":1},"end":{"line":15,"column":null}},{"start":{},"end":{}}],"line":13},"1":{"loc":{"start":{"line":19,"column":1},"end":{"line":19,"column":null}},"type":"if","locations":[{"start":{"line":19,"column":1},"end":{"line":19,"column":null}},{"start":{},"end":{}}],"line":19},"2":{"loc":{"start":{"line":21,"column":2},"end":{"line":21,"column":null}},"type":"binary-expr","locations":[{"start":{"line":21,"column":2},"end":{"line":21,"column":69}},{"start":{"line":21,"column":69},"end":{"line":21,"column":null}}],"line":21},"3":{"loc":{"start":{"line":26,"column":1},"end":{"line":26,"column":null}},"type":"cond-expr","locations":[{"start":{"line":26,"column":34},"end":{"line":26,"column":52}},{"start":{"line":26,"column":52},"end":{"line":26,"column":null}}],"line":26},"4":{"loc":{"start":{"line":31,"column":8},"end":{"line":31,"column":null}},"type":"binary-expr","locations":[{"start":{"line":31,"column":8},"end":{"line":31,"column":28}},{"start":{"line":31,"column":28},"end":{"line":31,"column":null}}],"line":31},"5":{"loc":{"start":{"line":35,"column":1},"end":{"line":35,"column":null}},"type":"if","locations":[{"start":{"line":35,"column":1},"end":{"line":35,"column":null}},{"start":{},"end":{}}],"line":35},"6":{"loc":{"start":{"line":41,"column":1},"end":{"line":41,"column":null}},"type":"if","locations":[{"start":{"line":41,"column":1},"end":{"line":41,"column":null}},{"start":{},"end":{}}],"line":41},"7":{"loc":{"start":{"line":43,"column":8},"end":{"line":43,"column":null}},"type":"binary-expr","locations":[{"start":{"line":43,"column":8},"end":{"line":43,"column":28}},{"start":{"line":43,"column":28},"end":{"line":43,"column":null}}],"line":43},"8":{"loc":{"start":{"line":67,"column":19},"end":{"line":67,"column":null}},"type":"cond-expr","locations":[{"start":{"line":67,"column":49},"end":{"line":67,"column":null}},{"start":{"line":67,"column":49},"end":{"line":67,"column":null}}],"line":67},"9":{"loc":{"start":{"line":74,"column":41},"end":{"line":83,"column":null}},"type":"cond-expr","locations":[{"start":{"line":74,"column":66},"end":{"line":83,"column":null}},{"start":{"line":83,"column":63},"end":{"line":83,"column":null}}],"line":74},"10":{"loc":{"start":{"line":75,"column":27},"end":{"line":83,"column":null}},"type":"cond-expr","locations":[{"start":{"line":75,"column":27},"end":{"line":81,"column":null}},{"start":{"line":81,"column":16},"end":{"line":83,"column":null}}],"line":75},"11":{"loc":{"start":{"line":78,"column":31},"end":{"line":78,"column":null}},"type":"binary-expr","locations":[{"start":{"line":78,"column":31},"end":{"line":78,"column":34}},{"start":{"line":78,"column":31},"end":{"line":78,"column":null}}],"line":78},"12":{"loc":{"start":{"line":82,"column":46},"end":{"line":82,"column":null}},"type":"cond-expr","locations":[{"start":{"line":82,"column":65},"end":{"line":82,"column":87}},{"start":{"line":82,"column":87},"end":{"line":82,"column":null}}],"line":82},"13":{"loc":{"start":{"line":83,"column":23},"end":{"line":83,"column":null}},"type":"cond-expr","locations":[{"start":{"line":83,"column":42},"end":{"line":83,"column":63}},{"start":{"line":83,"column":63},"end":{"line":83,"column":null}}],"line":83},"14":{"loc":{"start":{"line":90,"column":22},"end":{"line":90,"column":null}},"type":"binary-expr","locations":[{"start":{"line":90,"column":22},"end":{"line":90,"column":24}},{"start":{"line":90,"column":22},"end":{"line":90,"column":null}}],"line":90},"15":{"loc":{"start":{"line":90,"column":24},"end":{"line":90,"column":null}},"type":"binary-expr","locations":[{"start":{"line":90,"column":24},"end":{"line":90,"column":40}},{"start":{"line":90,"column":24},"end":{"line":90,"column":null}}],"line":90},"16":{"loc":{"start":{"line":98,"column":22},"end":{"line":98,"column":null}},"type":"binary-expr","locations":[{"start":{"line":98,"column":22},"end":{"line":98,"column":24}},{"start":{"line":98,"column":22},"end":{"line":98,"column":null}}],"line":98},"17":{"loc":{"start":{"line":98,"column":24},"end":{"line":98,"column":null}},"type":"binary-expr","locations":[{"start":{"line":98,"column":24},"end":{"line":98,"column":41}},{"start":{"line":98,"column":24},"end":{"line":98,"column":null}}],"line":98},"18":{"loc":{"start":{"line":99,"column":27},"end":{"line":99,"column":null}},"type":"binary-expr","locations":[{"start":{"line":99,"column":27},"end":{"line":99,"column":57}},{"start":{"line":99,"column":57},"end":{"line":99,"column":null}}],"line":99},"19":{"loc":{"start":{"line":100,"column":111},"end":{"line":101,"column":171}},"type":"binary-expr","locations":[{"start":{"line":100,"column":111},"end":{"line":101,"column":121}},{"start":{"line":101,"column":121},"end":{"line":101,"column":155}},{"start":{"line":101,"column":155},"end":{"line":101,"column":171}}],"line":100},"20":{"loc":{"start":{"line":101,"column":171},"end":{"line":101,"column":293}},"type":"binary-expr","locations":[{"start":{"line":101,"column":171},"end":{"line":101,"column":264}},{"start":{"line":101,"column":264},"end":{"line":101,"column":293}}],"line":101},"21":{"loc":{"start":{"line":101,"column":455},"end":{"line":101,"column":506}},"type":"binary-expr","locations":[{"start":{"line":101,"column":455},"end":{"line":101,"column":485}},{"start":{"line":101,"column":485},"end":{"line":101,"column":506}}],"line":101},"22":{"loc":{"start":{"line":101,"column":506},"end":{"line":101,"column":653}},"type":"binary-expr","locations":[{"start":{"line":101,"column":506},"end":{"line":101,"column":604}},{"start":{"line":101,"column":604},"end":{"line":101,"column":637}},{"start":{"line":101,"column":637},"end":{"line":101,"column":653}}],"line":101},"23":{"loc":{"start":{"line":109,"column":40},"end":{"line":110,"column":41}},"type":"cond-expr","locations":[{"start":{"line":109,"column":46},"end":{"line":109,"column":40}},{"start":{"line":109,"column":30},"end":{"line":110,"column":41}}],"line":109},"24":{"loc":{"start":{"line":117,"column":22},"end":{"line":117,"column":null}},"type":"binary-expr","locations":[{"start":{"line":117,"column":22},"end":{"line":117,"column":24}},{"start":{"line":117,"column":22},"end":{"line":117,"column":null}}],"line":117},"25":{"loc":{"start":{"line":117,"column":24},"end":{"line":117,"column":null}},"type":"binary-expr","locations":[{"start":{"line":117,"column":24},"end":{"line":117,"column":34}},{"start":{"line":117,"column":24},"end":{"line":117,"column":null}}],"line":117}},"s":{"0":13,"1":13,"2":13,"3":13,"4":13,"5":13,"6":15,"7":13,"8":2,"9":2,"10":13,"11":16,"12":13,"13":17,"14":13,"15":18,"16":3,"17":15,"18":13,"19":20,"20":3,"21":17,"22":1,"23":1,"24":1,"25":0,"26":0,"27":1,"28":0},"f":{"0":13,"1":15,"2":2,"3":16,"4":17,"5":18,"6":20,"7":0,"8":0,"9":1,"10":0},"b":{"0":[13,0],"1":[13,2],"2":[2,0],"3":[13,3],"4":[17,15],"5":[3,15],"6":[3,17],"7":[17,15],"8":[19,3],"9":[19,3],"10":[15,4],"11":[15,13],"12":[0,4],"13":[0,4],"14":[23,13],"15":[0,0],"16":[23,13],"17":[1,1],"18":[23,20],"19":[23,20,18],"20":[23,20],"21":[23,20],"22":[23,20,18],"23":[3,20],"24":[23,13],"25":[0,0]},"meta":{"lastBranch":26,"lastFunction":11,"lastStatement":29,"seen":{"s:9:6:9:Infinity":0,"s:10:6:10:Infinity":1,"s:12:0:16:Infinity":2,"f:12:10:12:16":0,"b:13:1:15:Infinity:undefined:undefined:undefined:undefined":0,"s:13:1:15:Infinity":3,"s:14:2:14:Infinity":4,"s:18:6:23:Infinity":5,"f:18:34:18:40":1,"b:19:1:19:Infinity:undefined:undefined:undefined:undefined":1,"s:19:1:19:Infinity":6,"s:19:24:19:Infinity":7,"s:20:1:21:Infinity":8,"b:21:2:21:69:21:69:21:Infinity":2,"f:21:32:21:33":2,"s:21:39:21:64":9,"s:25:6:27:Infinity":10,"f:25:28:25:Infinity":3,"s:26:1:26:Infinity":11,"b:26:34:26:52:26:52:26:Infinity":3,"s:29:6:32:Infinity":12,"f:29:38:29:44":4,"s:31:1:31:Infinity":13,"b:31:8:31:28:31:28:31:Infinity":4,"s:34:6:38:Infinity":14,"f:34:27:34:33":5,"b:35:1:35:Infinity:undefined:undefined:undefined:undefined":5,"s:35:1:35:Infinity":15,"s:35:36:35:Infinity":16,"s:37:1:37:Infinity":17,"s:40:6:44:Infinity":18,"f:40:28:40:34":6,"b:41:1:41:Infinity:undefined:undefined:undefined:undefined":6,"s:41:1:41:Infinity":19,"s:41:36:41:Infinity":20,"s:43:1:43:Infinity":21,"b:43:8:43:28:43:28:43:Infinity":7,"s:48:9:48:Infinity":22,"s:55:11:55:Infinity":23,"s:88:13:88:Infinity":24,"b:67:49:67:Infinity:67:49:67:Infinity":8,"b:74:66:83:Infinity:83:63:83:Infinity":9,"b:75:27:81:Infinity:81:16:83:Infinity":10,"b:78:31:78:34:78:31:78:Infinity":11,"f:78:31:78:34":7,"s:78:42:78:Infinity":25,"b:82:65:82:87:82:87:82:Infinity":12,"b:83:42:83:63:83:63:83:Infinity":13,"b:90:22:90:24:90:22:90:Infinity":14,"f:90:22:90:24":8,"s:90:24:90:Infinity":26,"b:90:24:90:40:90:24:90:Infinity":15,"b:98:22:98:24:98:22:98:Infinity":16,"f:98:22:98:24":9,"s:98:24:98:Infinity":27,"b:98:24:98:41:98:24:98:Infinity":17,"b:99:27:99:57:99:57:99:Infinity":18,"b:100:111:101:121:101:121:101:155:101:155:101:171":19,"b:101:171:101:264:101:264:101:293":20,"b:101:455:101:485:101:485:101:506":21,"b:101:506:101:604:101:604:101:637:101:637:101:653":22,"b:109:46:109:40:109:30:110:41":23,"b:117:22:117:24:117:22:117:Infinity":24,"f:117:22:117:24":10,"s:117:24:117:Infinity":28,"b:117:24:117:34:117:24:117:Infinity":25}}}
,"/home/samuk/coe/pomodo/src/stores/categories.ts": {"path":"/home/samuk/coe/pomodo/src/stores/categories.ts","statementMap":{"0":{"start":{"line":11,"column":13},"end":{"line":48,"column":null}},"1":{"start":{"line":12,"column":7},"end":{"line":12,"column":null}},"2":{"start":{"line":13,"column":7},"end":{"line":13,"column":null}},"3":{"start":{"line":15,"column":25},"end":{"line":23,"column":null}},"4":{"start":{"line":16,"column":2},"end":{"line":16,"column":null}},"5":{"start":{"line":17,"column":2},"end":{"line":22,"column":null}},"6":{"start":{"line":18,"column":19},"end":{"line":18,"column":null}},"7":{"start":{"line":19,"column":3},"end":{"line":19,"column":null}},"8":{"start":{"line":21,"column":3},"end":{"line":21,"column":null}},"9":{"start":{"line":25,"column":24},"end":{"line":28,"column":null}},"10":{"start":{"line":26,"column":2},"end":{"line":26,"column":null}},"11":{"start":{"line":27,"column":2},"end":{"line":27,"column":null}},"12":{"start":{"line":30,"column":26},"end":{"line":33,"column":null}},"13":{"start":{"line":31,"column":2},"end":{"line":31,"column":null}},"14":{"start":{"line":32,"column":2},"end":{"line":32,"column":null}},"15":{"start":{"line":35,"column":26},"end":{"line":38,"column":null}},"16":{"start":{"line":36,"column":2},"end":{"line":36,"column":null}},"17":{"start":{"line":37,"column":2},"end":{"line":37,"column":null}},"18":{"start":{"line":40,"column":1},"end":{"line":47,"column":null}}},"fnMap":{"0":{"name":"(anonymous_0)","decl":{"start":{"line":11,"column":58},"end":{"line":11,"column":64}},"loc":{"start":{"line":11,"column":64},"end":{"line":48,"column":1}},"line":11},"1":{"name":"(anonymous_1)","decl":{"start":{"line":15,"column":25},"end":{"line":15,"column":37}},"loc":{"start":{"line":15,"column":37},"end":{"line":23,"column":null}},"line":15},"2":{"name":"(anonymous_2)","decl":{"start":{"line":25,"column":24},"end":{"line":25,"column":31}},"loc":{"start":{"line":25,"column":49},"end":{"line":28,"column":null}},"line":25},"3":{"name":"(anonymous_3)","decl":{"start":{"line":30,"column":26},"end":{"line":30,"column":33}},"loc":{"start":{"line":30,"column":54},"end":{"line":33,"column":null}},"line":30},"4":{"name":"(anonymous_4)","decl":{"start":{"line":35,"column":26},"end":{"line":35,"column":33}},"loc":{"start":{"line":35,"column":54},"end":{"line":38,"column":null}},"line":35}},"branchMap":{},"s":{"0":2,"1":16,"2":16,"3":16,"4":0,"5":0,"6":0,"7":0,"8":0,"9":16,"10":0,"11":0,"12":16,"13":0,"14":0,"15":16,"16":0,"17":0,"18":16},"f":{"0":16,"1":0,"2":0,"3":0,"4":0},"b":{},"meta":{"lastBranch":0,"lastFunction":5,"lastStatement":19,"seen":{"s:11:13:48:Infinity":0,"f:11:58:11:64":0,"s:12:7:12:Infinity":1,"s:13:7:13:Infinity":2,"s:15:25:23:Infinity":3,"f:15:25:15:37":1,"s:16:2:16:Infinity":4,"s:17:2:22:Infinity":5,"s:18:19:18:Infinity":6,"s:19:3:19:Infinity":7,"s:21:3:21:Infinity":8,"s:25:24:28:Infinity":9,"f:25:24:25:31":2,"s:26:2:26:Infinity":10,"s:27:2:27:Infinity":11,"s:30:26:33:Infinity":12,"f:30:26:30:33":3,"s:31:2:31:Infinity":13,"s:32:2:32:Infinity":14,"s:35:26:38:Infinity":15,"f:35:26:35:33":4,"s:36:2:36:Infinity":16,"s:37:2:37:Infinity":17,"s:40:1:47:Infinity":18}}}
,"/home/samuk/coe/pomodo/src/stores/settings.ts": {"path":"/home/samuk/coe/pomodo/src/stores/settings.ts","statementMap":{"0":{"start":{"line":10,"column":13},"end":{"line":57,"column":null}},"1":{"start":{"line":11,"column":7},"end":{"line":11,"column":null}},"2":{"start":{"line":12,"column":7},"end":{"line":12,"column":null}},"3":{"start":{"line":14,"column":7},"end":{"line":14,"column":null}},"4":{"start":{"line":16,"column":23},"end":{"line":28,"column":null}},"5":{"start":{"line":17,"column":2},"end":{"line":17,"column":null}},"6":{"start":{"line":18,"column":2},"end":{"line":27,"column":null}},"7":{"start":{"line":19,"column":48},"end":{"line":22,"column":null}},"8":{"start":{"line":23,"column":3},"end":{"line":23,"column":null}},"9":{"start":{"line":24,"column":3},"end":{"line":24,"column":null}},"10":{"start":{"line":26,"column":3},"end":{"line":26,"column":null}},"11":{"start":{"line":30,"column":23},"end":{"line":48,"column":null}},"12":{"start":{"line":34,"column":20},"end":{"line":34,"column":null}},"13":{"start":{"line":35,"column":2},"end":{"line":39,"column":null}},"14":{"start":{"line":36,"column":3},"end":{"line":36,"column":null}},"15":{"start":{"line":38,"column":3},"end":{"line":38,"column":null}},"16":{"start":{"line":42,"column":23},"end":{"line":42,"column":null}},"17":{"start":{"line":42,"column":55},"end":{"line":42,"column":66}},"18":{"start":{"line":43,"column":2},"end":{"line":45,"column":null}},"19":{"start":{"line":44,"column":3},"end":{"line":44,"column":null}},"20":{"start":{"line":47,"column":2},"end":{"line":47,"column":null}},"21":{"start":{"line":50,"column":1},"end":{"line":56,"column":null}}},"fnMap":{"0":{"name":"(anonymous_0)","decl":{"start":{"line":10,"column":56},"end":{"line":10,"column":62}},"loc":{"start":{"line":10,"column":62},"end":{"line":57,"column":1}},"line":10},"1":{"name":"(anonymous_1)","decl":{"start":{"line":16,"column":23},"end":{"line":16,"column":35}},"loc":{"start":{"line":16,"column":35},"end":{"line":28,"column":null}},"line":16},"2":{"name":"(anonymous_2)","decl":{"start":{"line":30,"column":23},"end":{"line":30,"column":null}},"loc":{"start":{"line":33,"column":6},"end":{"line":48,"column":null}},"line":33},"3":{"name":"(anonymous_3)","decl":{"start":{"line":42,"column":48},"end":{"line":42,"column":49}},"loc":{"start":{"line":42,"column":55},"end":{"line":42,"column":66}},"line":42}},"branchMap":{"0":{"loc":{"start":{"line":35,"column":2},"end":{"line":39,"column":null}},"type":"if","locations":[{"start":{"line":35,"column":2},"end":{"line":39,"column":null}},{"start":{"line":37,"column":9},"end":{"line":39,"column":null}}],"line":35},"1":{"loc":{"start":{"line":36,"column":17},"end":{"line":36,"column":null}},"type":"cond-expr","locations":[{"start":{"line":36,"column":25},"end":{"line":36,"column":34}},{"start":{"line":36,"column":34},"end":{"line":36,"column":null}}],"line":36},"2":{"loc":{"start":{"line":43,"column":2},"end":{"line":45,"column":null}},"type":"if","locations":[{"start":{"line":43,"column":2},"end":{"line":45,"column":null}},{"start":{},"end":{}}],"line":43}},"s":{"0":4,"1":37,"2":37,"3":37,"4":37,"5":2,"6":2,"7":2,"8":1,"9":1,"10":2,"11":37,"12":5,"13":5,"14":2,"15":3,"16":5,"17":5,"18":5,"19":4,"20":5,"21":37},"f":{"0":37,"1":2,"2":5,"3":5},"b":{"0":[2,3],"1":[1,1],"2":[4,1]},"meta":{"lastBranch":3,"lastFunction":4,"lastStatement":22,"seen":{"s:10:13:57:Infinity":0,"f:10:56:10:62":0,"s:11:7:11:Infinity":1,"s:12:7:12:Infinity":2,"s:14:7:14:Infinity":3,"s:16:23:28:Infinity":4,"f:16:23:16:35":1,"s:17:2:17:Infinity":5,"s:18:2:27:Infinity":6,"s:19:48:22:Infinity":7,"s:23:3:23:Infinity":8,"s:24:3:24:Infinity":9,"s:26:3:26:Infinity":10,"s:30:23:48:Infinity":11,"f:30:23:30:Infinity":2,"s:34:20:34:Infinity":12,"b:35:2:39:Infinity:37:9:39:Infinity":0,"s:35:2:39:Infinity":13,"s:36:3:36:Infinity":14,"b:36:25:36:34:36:34:36:Infinity":1,"s:38:3:38:Infinity":15,"s:42:23:42:Infinity":16,"f:42:48:42:49":3,"s:42:55:42:66":17,"b:43:2:45:Infinity:undefined:undefined:undefined:undefined":2,"s:43:2:45:Infinity":18,"s:44:3:44:Infinity":19,"s:47:2:47:Infinity":20,"s:50:1:56:Infinity":21}}}
,"/home/samuk/coe/pomodo/src/stores/timer.ts": {"path":"/home/samuk/coe/pomodo/src/stores/timer.ts","statementMap":{"0":{"start":{"line":11,"column":7},"end":{"line":11,"column":null}},"1":{"start":{"line":12,"column":1},"end":{"line":12,"column":9}},"2":{"start":{"line":13,"column":1},"end":{"line":13,"column":8}},"3":{"start":{"line":11,"column":12},"end":{"line":11,"column":null}},"4":{"start":{"line":16,"column":13},"end":{"line":268,"column":null}},"5":{"start":{"line":17,"column":7},"end":{"line":17,"column":null}},"6":{"start":{"line":21,"column":1},"end":{"line":23,"column":null}},"7":{"start":{"line":22,"column":2},"end":{"line":22,"column":null}},"8":{"start":{"line":25,"column":7},"end":{"line":30,"column":null}},"9":{"start":{"line":26,"column":14},"end":{"line":28,"column":null}},"10":{"start":{"line":27,"column":10},"end":{"line":27,"column":null}},"11":{"start":{"line":29,"column":2},"end":{"line":29,"column":null}},"12":{"start":{"line":32,"column":7},"end":{"line":37,"column":null}},"13":{"start":{"line":33,"column":14},"end":{"line":35,"column":null}},"14":{"start":{"line":34,"column":10},"end":{"line":34,"column":null}},"15":{"start":{"line":36,"column":2},"end":{"line":36,"column":null}},"16":{"start":{"line":39,"column":7},"end":{"line":44,"column":null}},"17":{"start":{"line":40,"column":14},"end":{"line":42,"column":null}},"18":{"start":{"line":41,"column":10},"end":{"line":41,"column":null}},"19":{"start":{"line":43,"column":2},"end":{"line":43,"column":null}},"20":{"start":{"line":46,"column":7},"end":{"line":51,"column":null}},"21":{"start":{"line":47,"column":14},"end":{"line":49,"column":null}},"22":{"start":{"line":48,"column":10},"end":{"line":48,"column":null}},"23":{"start":{"line":50,"column":2},"end":{"line":50,"column":null}},"24":{"start":{"line":53,"column":7},"end":{"line":58,"column":null}},"25":{"start":{"line":54,"column":14},"end":{"line":56,"column":null}},"26":{"start":{"line":55,"column":10},"end":{"line":55,"column":null}},"27":{"start":{"line":57,"column":2},"end":{"line":57,"column":null}},"28":{"start":{"line":60,"column":7},"end":{"line":65,"column":null}},"29":{"start":{"line":61,"column":14},"end":{"line":63,"column":null}},"30":{"start":{"line":62,"column":10},"end":{"line":62,"column":null}},"31":{"start":{"line":64,"column":2},"end":{"line":64,"column":null}},"32":{"start":{"line":68,"column":7},"end":{"line":68,"column":null}},"33":{"start":{"line":69,"column":7},"end":{"line":69,"column":null}},"34":{"start":{"line":70,"column":7},"end":{"line":70,"column":null}},"35":{"start":{"line":71,"column":7},"end":{"line":71,"column":null}},"36":{"start":{"line":72,"column":7},"end":{"line":72,"column":null}},"37":{"start":{"line":78,"column":1},"end":{"line":102,"column":null}},"38":{"start":{"line":83,"column":9},"end":{"line":83,"column":null}},"39":{"start":{"line":86,"column":3},"end":{"line":99,"column":null}},"40":{"start":{"line":89,"column":4},"end":{"line":98,"column":null}},"41":{"start":{"line":90,"column":5},"end":{"line":90,"column":null}},"42":{"start":{"line":91,"column":4},"end":{"line":98,"column":null}},"43":{"start":{"line":93,"column":5},"end":{"line":97,"column":null}},"44":{"start":{"line":94,"column":6},"end":{"line":94,"column":null}},"45":{"start":{"line":96,"column":6},"end":{"line":96,"column":null}},"46":{"start":{"line":106,"column":14},"end":{"line":118,"column":null}},"47":{"start":{"line":107,"column":2},"end":{"line":107,"column":null}},"48":{"start":{"line":107,"column":16},"end":{"line":107,"column":null}},"49":{"start":{"line":109,"column":14},"end":{"line":109,"column":null}},"50":{"start":{"line":110,"column":15},"end":{"line":110,"column":null}},"51":{"start":{"line":112,"column":2},"end":{"line":117,"column":null}},"52":{"start":{"line":113,"column":3},"end":{"line":113,"column":null}},"53":{"start":{"line":115,"column":3},"end":{"line":115,"column":null}},"54":{"start":{"line":116,"column":3},"end":{"line":116,"column":null}},"55":{"start":{"line":120,"column":24},"end":{"line":142,"column":null}},"56":{"start":{"line":121,"column":2},"end":{"line":121,"column":null}},"57":{"start":{"line":122,"column":2},"end":{"line":141,"column":null}},"58":{"start":{"line":123,"column":3},"end":{"line":123,"column":null}},"59":{"start":{"line":124,"column":3},"end":{"line":124,"column":null}},"60":{"start":{"line":125,"column":3},"end":{"line":130,"column":null}},"61":{"start":{"line":126,"column":4},"end":{"line":126,"column":null}},"62":{"start":{"line":127,"column":4},"end":{"line":127,"column":null}},"63":{"start":{"line":129,"column":4},"end":{"line":129,"column":null}},"64":{"start":{"line":131,"column":3},"end":{"line":131,"column":null}},"65":{"start":{"line":132,"column":3},"end":{"line":134,"column":null}},"66":{"start":{"line":133,"column":4},"end":{"line":133,"column":null}},"67":{"start":{"line":136,"column":3},"end":{"line":136,"column":null}},"68":{"start":{"line":137,"column":3},"end":{"line":137,"column":null}},"69":{"start":{"line":138,"column":3},"end":{"line":140,"column":null}},"70":{"start":{"line":139,"column":4},"end":{"line":139,"column":null}},"71":{"start":{"line":144,"column":20},"end":{"line":172,"column":null}},"72":{"start":{"line":145,"column":2},"end":{"line":145,"column":null}},"73":{"start":{"line":145,"column":23},"end":{"line":145,"column":null}},"74":{"start":{"line":149,"column":3},"end":{"line":149,"column":null}},"75":{"start":{"line":151,"column":2},"end":{"line":165,"column":null}},"76":{"start":{"line":152,"column":3},"end":{"line":164,"column":null}},"77":{"start":{"line":153,"column":33},"end":{"line":162,"column":null}},"78":{"start":{"line":163,"column":4},"end":{"line":163,"column":null}},"79":{"start":{"line":168,"column":2},"end":{"line":168,"column":null}},"80":{"start":{"line":170,"column":2},"end":{"line":170,"column":null}},"81":{"start":{"line":171,"column":2},"end":{"line":171,"column":null}},"82":{"start":{"line":174,"column":20},"end":{"line":179,"column":null}},"83":{"start":{"line":175,"column":2},"end":{"line":175,"column":null}},"84":{"start":{"line":176,"column":2},"end":{"line":176,"column":null}},"85":{"start":{"line":177,"column":2},"end":{"line":177,"column":null}},"86":{"start":{"line":178,"column":2},"end":{"line":178,"column":null}},"87":{"start":{"line":181,"column":21},"end":{"line":183,"column":null}},"88":{"start":{"line":182,"column":2},"end":{"line":182,"column":null}},"89":{"start":{"line":185,"column":20},"end":{"line":200,"column":null}},"90":{"start":{"line":186,"column":2},"end":{"line":186,"column":null}},"91":{"start":{"line":188,"column":2},"end":{"line":190,"column":null}},"92":{"start":{"line":189,"column":3},"end":{"line":189,"column":null}},"93":{"start":{"line":191,"column":2},"end":{"line":199,"column":null}},"94":{"start":{"line":192,"column":3},"end":{"line":192,"column":null}},"95":{"start":{"line":194,"column":3},"end":{"line":198,"column":null}},"96":{"start":{"line":195,"column":4},"end":{"line":195,"column":null}},"97":{"start":{"line":197,"column":4},"end":{"line":197,"column":null}},"98":{"start":{"line":202,"column":14},"end":{"line":218,"column":null}},"99":{"start":{"line":203,"column":2},"end":{"line":203,"column":null}},"100":{"start":{"line":205,"column":2},"end":{"line":217,"column":null}},"101":{"start":{"line":206,"column":3},"end":{"line":206,"column":null}},"102":{"start":{"line":207,"column":3},"end":{"line":207,"column":null}},"103":{"start":{"line":208,"column":3},"end":{"line":213,"column":null}},"104":{"start":{"line":209,"column":4},"end":{"line":209,"column":null}},"105":{"start":{"line":210,"column":4},"end":{"line":210,"column":null}},"106":{"start":{"line":212,"column":4},"end":{"line":212,"column":null}},"107":{"start":{"line":215,"column":3},"end":{"line":215,"column":null}},"108":{"start":{"line":216,"column":3},"end":{"line":216,"column":null}},"109":{"start":{"line":220,"column":23},"end":{"line":222,"column":null}},"110":{"start":{"line":221,"column":2},"end":{"line":221,"column":null}},"111":{"start":{"line":225,"column":7},"end":{"line":235,"column":null}},"112":{"start":{"line":226,"column":15},"end":{"line":226,"column":null}},"113":{"start":{"line":227,"column":16},"end":{"line":227,"column":null}},"114":{"start":{"line":228,"column":18},"end":{"line":228,"column":null}},"115":{"start":{"line":229,"column":18},"end":{"line":229,"column":null}},"116":{"start":{"line":230,"column":14},"end":{"line":230,"column":null}},"117":{"start":{"line":230,"column":29},"end":{"line":230,"column":null}},"118":{"start":{"line":232,"column":2},"end":{"line":234,"column":null}},"119":{"start":{"line":237,"column":7},"end":{"line":242,"column":null}},"120":{"start":{"line":239,"column":3},"end":{"line":239,"column":null}},"121":{"start":{"line":240,"column":2},"end":{"line":240,"column":null}},"122":{"start":{"line":240,"column":19},"end":{"line":240,"column":null}},"123":{"start":{"line":241,"column":2},"end":{"line":241,"column":null}},"124":{"start":{"line":244,"column":7},"end":{"line":244,"column":null}},"125":{"start":{"line":244,"column":32},"end":{"line":244,"column":56}},"126":{"start":{"line":246,"column":1},"end":{"line":267,"column":null}}},"fnMap":{"0":{"name":"(anonymous_0)","decl":{"start":{"line":11,"column":7},"end":{"line":11,"column":12}},"loc":{"start":{"line":11,"column":7},"end":{"line":11,"column":null}},"line":11},"1":{"name":"(anonymous_1)","decl":{"start":{"line":16,"column":50},"end":{"line":16,"column":56}},"loc":{"start":{"line":16,"column":56},"end":{"line":268,"column":1}},"line":16},"2":{"name":"(anonymous_2)","decl":{"start":{"line":25,"column":32},"end":{"line":25,"column":38}},"loc":{"start":{"line":25,"column":38},"end":{"line":30,"column":2}},"line":25},"3":{"name":"(anonymous_3)","decl":{"start":{"line":27,"column":3},"end":{"line":27,"column":4}},"loc":{"start":{"line":27,"column":10},"end":{"line":27,"column":null}},"line":27},"4":{"name":"(anonymous_4)","decl":{"start":{"line":32,"column":31},"end":{"line":32,"column":37}},"loc":{"start":{"line":32,"column":37},"end":{"line":37,"column":2}},"line":32},"5":{"name":"(anonymous_5)","decl":{"start":{"line":34,"column":3},"end":{"line":34,"column":4}},"loc":{"start":{"line":34,"column":10},"end":{"line":34,"column":null}},"line":34},"6":{"name":"(anonymous_6)","decl":{"start":{"line":39,"column":35},"end":{"line":39,"column":41}},"loc":{"start":{"line":39,"column":41},"end":{"line":44,"column":2}},"line":39},"7":{"name":"(anonymous_7)","decl":{"start":{"line":41,"column":3},"end":{"line":41,"column":4}},"loc":{"start":{"line":41,"column":10},"end":{"line":41,"column":null}},"line":41},"8":{"name":"(anonymous_8)","decl":{"start":{"line":46,"column":35},"end":{"line":46,"column":41}},"loc":{"start":{"line":46,"column":41},"end":{"line":51,"column":2}},"line":46},"9":{"name":"(anonymous_9)","decl":{"start":{"line":48,"column":3},"end":{"line":48,"column":4}},"loc":{"start":{"line":48,"column":10},"end":{"line":48,"column":null}},"line":48},"10":{"name":"(anonymous_10)","decl":{"start":{"line":53,"column":38},"end":{"line":53,"column":44}},"loc":{"start":{"line":53,"column":44},"end":{"line":58,"column":2}},"line":53},"11":{"name":"(anonymous_11)","decl":{"start":{"line":55,"column":3},"end":{"line":55,"column":4}},"loc":{"start":{"line":55,"column":10},"end":{"line":55,"column":null}},"line":55},"12":{"name":"(anonymous_12)","decl":{"start":{"line":60,"column":34},"end":{"line":60,"column":40}},"loc":{"start":{"line":60,"column":40},"end":{"line":65,"column":2}},"line":60},"13":{"name":"(anonymous_13)","decl":{"start":{"line":62,"column":3},"end":{"line":62,"column":4}},"loc":{"start":{"line":62,"column":10},"end":{"line":62,"column":null}},"line":62},"14":{"name":"(anonymous_14)","decl":{"start":{"line":83,"column":3},"end":{"line":83,"column":9}},"loc":{"start":{"line":83,"column":9},"end":{"line":83,"column":null}},"line":83},"15":{"name":"(anonymous_15)","decl":{"start":{"line":85,"column":2},"end":{"line":85,"column":3}},"loc":{"start":{"line":85,"column":50},"end":{"line":100,"column":null}},"line":85},"16":{"name":"(anonymous_16)","decl":{"start":{"line":106,"column":14},"end":{"line":106,"column":20}},"loc":{"start":{"line":106,"column":20},"end":{"line":118,"column":null}},"line":106},"17":{"name":"(anonymous_17)","decl":{"start":{"line":120,"column":24},"end":{"line":120,"column":36}},"loc":{"start":{"line":120,"column":36},"end":{"line":142,"column":null}},"line":120},"18":{"name":"(anonymous_18)","decl":{"start":{"line":144,"column":20},"end":{"line":144,"column":32}},"loc":{"start":{"line":144,"column":32},"end":{"line":172,"column":null}},"line":144},"19":{"name":"(anonymous_19)","decl":{"start":{"line":174,"column":20},"end":{"line":174,"column":26}},"loc":{"start":{"line":174,"column":26},"end":{"line":179,"column":null}},"line":174},"20":{"name":"(anonymous_20)","decl":{"start":{"line":181,"column":21},"end":{"line":181,"column":27}},"loc":{"start":{"line":181,"column":27},"end":{"line":183,"column":null}},"line":181},"21":{"name":"(anonymous_21)","decl":{"start":{"line":185,"column":20},"end":{"line":185,"column":32}},"loc":{"start":{"line":185,"column":32},"end":{"line":200,"column":null}},"line":185},"22":{"name":"(anonymous_22)","decl":{"start":{"line":202,"column":14},"end":{"line":202,"column":20}},"loc":{"start":{"line":202,"column":20},"end":{"line":218,"column":null}},"line":202},"23":{"name":"(anonymous_23)","decl":{"start":{"line":220,"column":23},"end":{"line":220,"column":24}},"loc":{"start":{"line":220,"column":58},"end":{"line":222,"column":null}},"line":220},"24":{"name":"(anonymous_24)","decl":{"start":{"line":225,"column":32},"end":{"line":225,"column":38}},"loc":{"start":{"line":225,"column":38},"end":{"line":235,"column":2}},"line":225},"25":{"name":"(anonymous_25)","decl":{"start":{"line":230,"column":14},"end":{"line":230,"column":15}},"loc":{"start":{"line":230,"column":29},"end":{"line":230,"column":null}},"line":230},"26":{"name":"(anonymous_26)","decl":{"start":{"line":237,"column":26},"end":{"line":237,"column":32}},"loc":{"start":{"line":237,"column":32},"end":{"line":242,"column":2}},"line":237},"27":{"name":"(anonymous_27)","decl":{"start":{"line":244,"column":26},"end":{"line":244,"column":32}},"loc":{"start":{"line":244,"column":32},"end":{"line":244,"column":56}},"line":244}},"branchMap":{"0":{"loc":{"start":{"line":11,"column":12},"end":{"line":11,"column":null}},"type":"binary-expr","locations":[{"start":{"line":11,"column":12},"end":{"line":11,"column":null}},{"start":{"line":11,"column":12},"end":{"line":11,"column":null}}],"line":11},"1":{"loc":{"start":{"line":21,"column":1},"end":{"line":23,"column":null}},"type":"if","locations":[{"start":{"line":21,"column":1},"end":{"line":23,"column":null}},{"start":{},"end":{}}],"line":21},"2":{"loc":{"start":{"line":29,"column":9},"end":{"line":29,"column":null}},"type":"cond-expr","locations":[{"start":{"line":29,"column":15},"end":{"line":29,"column":34}},{"start":{"line":29,"column":34},"end":{"line":29,"column":null}}],"line":29},"3":{"loc":{"start":{"line":36,"column":9},"end":{"line":36,"column":null}},"type":"cond-expr","locations":[{"start":{"line":36,"column":15},"end":{"line":36,"column":34}},{"start":{"line":36,"column":34},"end":{"line":36,"column":null}}],"line":36},"4":{"loc":{"start":{"line":57,"column":9},"end":{"line":57,"column":null}},"type":"cond-expr","locations":[{"start":{"line":57,"column":15},"end":{"line":57,"column":29}},{"start":{"line":57,"column":29},"end":{"line":57,"column":null}}],"line":57},"5":{"loc":{"start":{"line":64,"column":9},"end":{"line":64,"column":null}},"type":"cond-expr","locations":[{"start":{"line":64,"column":15},"end":{"line":64,"column":34}},{"start":{"line":64,"column":34},"end":{"line":64,"column":null}}],"line":64},"6":{"loc":{"start":{"line":86,"column":3},"end":{"line":99,"column":null}},"type":"if","locations":[{"start":{"line":86,"column":3},"end":{"line":99,"column":null}},{"start":{},"end":{}}],"line":86},"7":{"loc":{"start":{"line":86,"column":7},"end":{"line":86,"column":37}},"type":"binary-expr","locations":[{"start":{"line":86,"column":7},"end":{"line":86,"column":19}},{"start":{"line":86,"column":19},"end":{"line":86,"column":37}}],"line":86},"8":{"loc":{"start":{"line":89,"column":4},"end":{"line":98,"column":null}},"type":"if","locations":[{"start":{"line":89,"column":4},"end":{"line":98,"column":null}},{"start":{"line":91,"column":4},"end":{"line":98,"column":null}}],"line":89},"9":{"loc":{"start":{"line":91,"column":4},"end":{"line":98,"column":null}},"type":"if","locations":[{"start":{"line":91,"column":4},"end":{"line":98,"column":null}},{"start":{},"end":{}}],"line":91},"10":{"loc":{"start":{"line":93,"column":5},"end":{"line":97,"column":null}},"type":"if","locations":[{"start":{"line":93,"column":5},"end":{"line":97,"column":null}},{"start":{"line":95,"column":12},"end":{"line":97,"column":null}}],"line":93},"11":{"loc":{"start":{"line":107,"column":2},"end":{"line":107,"column":null}},"type":"if","locations":[{"start":{"line":107,"column":2},"end":{"line":107,"column":null}},{"start":{},"end":{}}],"line":107},"12":{"loc":{"start":{"line":112,"column":2},"end":{"line":117,"column":null}},"type":"if","locations":[{"start":{"line":112,"column":2},"end":{"line":117,"column":null}},{"start":{"line":114,"column":9},"end":{"line":117,"column":null}}],"line":112},"13":{"loc":{"start":{"line":122,"column":2},"end":{"line":141,"column":null}},"type":"if","locations":[{"start":{"line":122,"column":2},"end":{"line":141,"column":null}},{"start":{"line":135,"column":9},"end":{"line":141,"column":null}}],"line":122},"14":{"loc":{"start":{"line":125,"column":3},"end":{"line":130,"column":null}},"type":"if","locations":[{"start":{"line":125,"column":3},"end":{"line":130,"column":null}},{"start":{"line":128,"column":10},"end":{"line":130,"column":null}}],"line":125},"15":{"loc":{"start":{"line":132,"column":3},"end":{"line":134,"column":null}},"type":"if","locations":[{"start":{"line":132,"column":3},"end":{"line":134,"column":null}},{"start":{},"end":{}}],"line":132},"16":{"loc":{"start":{"line":138,"column":3},"end":{"line":140,"column":null}},"type":"if","locations":[{"start":{"line":138,"column":3},"end":{"line":140,"column":null}},{"start":{},"end":{}}],"line":138},"17":{"loc":{"start":{"line":145,"column":2},"end":{"line":145,"column":null}},"type":"if","locations":[{"start":{"line":145,"column":2},"end":{"line":145,"column":null}},{"start":{},"end":{}}],"line":145},"18":{"loc":{"start":{"line":149,"column":3},"end":{"line":149,"column":null}},"type":"cond-expr","locations":[{"start":{"line":149,"column":36},"end":{"line":149,"column":58}},{"start":{"line":149,"column":58},"end":{"line":149,"column":null}}],"line":149},"19":{"loc":{"start":{"line":151,"column":2},"end":{"line":165,"column":null}},"type":"if","locations":[{"start":{"line":151,"column":2},"end":{"line":165,"column":null}},{"start":{},"end":{}}],"line":151},"20":{"loc":{"start":{"line":151,"column":6},"end":{"line":151,"column":76}},"type":"binary-expr","locations":[{"start":{"line":151,"column":6},"end":{"line":151,"column":44}},{"start":{"line":151,"column":44},"end":{"line":151,"column":76}}],"line":151},"21":{"loc":{"start":{"line":152,"column":3},"end":{"line":164,"column":null}},"type":"if","locations":[{"start":{"line":152,"column":3},"end":{"line":164,"column":null}},{"start":{},"end":{}}],"line":152},"22":{"loc":{"start":{"line":152,"column":7},"end":{"line":152,"column":68}},"type":"binary-expr","locations":[{"start":{"line":152,"column":7},"end":{"line":152,"column":36}},{"start":{"line":152,"column":36},"end":{"line":152,"column":68}}],"line":152},"23":{"loc":{"start":{"line":182,"column":2},"end":{"line":182,"column":null}},"type":"cond-expr","locations":[{"start":{"line":182,"column":20},"end":{"line":182,"column":35}},{"start":{"line":182,"column":35},"end":{"line":182,"column":null}}],"line":182},"24":{"loc":{"start":{"line":188,"column":2},"end":{"line":190,"column":null}},"type":"if","locations":[{"start":{"line":188,"column":2},"end":{"line":190,"column":null}},{"start":{},"end":{}}],"line":188},"25":{"loc":{"start":{"line":191,"column":2},"end":{"line":199,"column":null}},"type":"if","locations":[{"start":{"line":191,"column":2},"end":{"line":199,"column":null}},{"start":{"line":193,"column":9},"end":{"line":199,"column":null}}],"line":191},"26":{"loc":{"start":{"line":194,"column":3},"end":{"line":198,"column":null}},"type":"if","locations":[{"start":{"line":194,"column":3},"end":{"line":198,"column":null}},{"start":{"line":196,"column":10},"end":{"line":198,"column":null}}],"line":194},"27":{"loc":{"start":{"line":205,"column":2},"end":{"line":217,"column":null}},"type":"if","locations":[{"start":{"line":205,"column":2},"end":{"line":217,"column":null}},{"start":{"line":214,"column":9},"end":{"line":217,"column":null}}],"line":205},"28":{"loc":{"start":{"line":208,"column":3},"end":{"line":213,"column":null}},"type":"if","locations":[{"start":{"line":208,"column":3},"end":{"line":213,"column":null}},{"start":{"line":211,"column":10},"end":{"line":213,"column":null}}],"line":208},"29":{"loc":{"start":{"line":221,"column":21},"end":{"line":221,"column":null}},"type":"binary-expr","locations":[{"start":{"line":221,"column":21},"end":{"line":221,"column":27}},{"start":{"line":221,"column":27},"end":{"line":221,"column":null}}],"line":221},"30":{"loc":{"start":{"line":226,"column":15},"end":{"line":226,"column":null}},"type":"cond-expr","locations":[{"start":{"line":226,"column":41},"end":{"line":226,"column":45}},{"start":{"line":226,"column":45},"end":{"line":226,"column":null}}],"line":226},"31":{"loc":{"start":{"line":232,"column":9},"end":{"line":234,"column":null}},"type":"cond-expr","locations":[{"start":{"line":233,"column":5},"end":{"line":233,"column":null}},{"start":{"line":234,"column":5},"end":{"line":234,"column":null}}],"line":232},"32":{"loc":{"start":{"line":239,"column":3},"end":{"line":239,"column":null}},"type":"cond-expr","locations":[{"start":{"line":239,"column":36},"end":{"line":239,"column":58}},{"start":{"line":239,"column":58},"end":{"line":239,"column":null}}],"line":239},"33":{"loc":{"start":{"line":240,"column":2},"end":{"line":240,"column":null}},"type":"if","locations":[{"start":{"line":240,"column":2},"end":{"line":240,"column":null}},{"start":{},"end":{}}],"line":240}},"s":{"0":3,"1":3,"2":3,"3":3,"4":3,"5":30,"6":30,"7":17,"8":30,"9":30,"10":13,"11":30,"12":30,"13":30,"14":26,"15":30,"16":30,"17":3,"18":15,"19":3,"20":30,"21":0,"22":0,"23":0,"24":30,"25":18,"26":20,"27":18,"28":30,"29":30,"30":39,"31":30,"32":30,"33":30,"34":30,"35":30,"36":30,"37":30,"38":30,"39":30,"40":30,"41":30,"42":0,"43":0,"44":0,"45":0,"46":30,"47":23,"48":0,"49":23,"50":23,"51":23,"52":20,"53":3,"54":3,"55":30,"56":3,"57":3,"58":3,"59":3,"60":3,"61":1,"62":1,"63":2,"64":3,"65":3,"66":1,"67":0,"68":0,"69":0,"70":0,"71":30,"72":6,"73":0,"74":6,"75":6,"76":2,"77":0,"78":0,"79":6,"80":6,"81":6,"82":30,"83":9,"84":9,"85":9,"86":9,"87":30,"88":0,"89":30,"90":1,"91":1,"92":1,"93":1,"94":1,"95":0,"96":0,"97":0,"98":30,"99":3,"100":3,"101":2,"102":2,"103":2,"104":1,"105":1,"106":1,"107":1,"108":1,"109":30,"110":2,"111":30,"112":16,"113":16,"114":16,"115":16,"116":16,"117":33,"118":16,"119":30,"120":15,"121":15,"122":0,"123":15,"124":30,"125":13,"126":30},"f":{"0":3,"1":30,"2":30,"3":13,"4":30,"5":26,"6":3,"7":15,"8":0,"9":0,"10":18,"11":20,"12":30,"13":39,"14":30,"15":30,"16":23,"17":3,"18":6,"19":9,"20":0,"21":1,"22":3,"23":2,"24":16,"25":33,"26":15,"27":13},"b":{"0":[3,3],"1":[17,13],"2":[13,17],"3":[13,17],"4":[5,13],"5":[13,17],"6":[30,0],"7":[30,30],"8":[30,0],"9":[0,0],"10":[0,0],"11":[0,23],"12":[20,3],"13":[3,0],"14":[1,2],"15":[1,2],"16":[0,0],"17":[0,6],"18":[5,1],"19":[2,4],"20":[6,3],"21":[0,2],"22":[2,0],"23":[0,0],"24":[1,0],"25":[1,0],"26":[0,0],"27":[2,1],"28":[1,1],"29":[2,1],"30":[0,16],"31":[1,15],"32":[15,0],"33":[0,15]},"meta":{"lastBranch":34,"lastFunction":28,"lastStatement":127,"seen":{"s:11:7:11:Infinity":0,"f:11:7:11:12":0,"s:12:1:12:9":1,"s:13:1:13:8":2,"s:11:12:11:Infinity":3,"b:11:12:11:Infinity:11:12:11:Infinity":0,"s:16:13:268:Infinity":4,"f:16:50:16:56":1,"s:17:7:17:Infinity":5,"b:21:1:23:Infinity:undefined:undefined:undefined:undefined":1,"s:21:1:23:Infinity":6,"s:22:2:22:Infinity":7,"s:25:7:30:Infinity":8,"f:25:32:25:38":2,"s:26:14:28:Infinity":9,"f:27:3:27:4":3,"s:27:10:27:Infinity":10,"s:29:2:29:Infinity":11,"b:29:15:29:34:29:34:29:Infinity":2,"s:32:7:37:Infinity":12,"f:32:31:32:37":4,"s:33:14:35:Infinity":13,"f:34:3:34:4":5,"s:34:10:34:Infinity":14,"s:36:2:36:Infinity":15,"b:36:15:36:34:36:34:36:Infinity":3,"s:39:7:44:Infinity":16,"f:39:35:39:41":6,"s:40:14:42:Infinity":17,"f:41:3:41:4":7,"s:41:10:41:Infinity":18,"s:43:2:43:Infinity":19,"s:46:7:51:Infinity":20,"f:46:35:46:41":8,"s:47:14:49:Infinity":21,"f:48:3:48:4":9,"s:48:10:48:Infinity":22,"s:50:2:50:Infinity":23,"s:53:7:58:Infinity":24,"f:53:38:53:44":10,"s:54:14:56:Infinity":25,"f:55:3:55:4":11,"s:55:10:55:Infinity":26,"s:57:2:57:Infinity":27,"b:57:15:57:29:57:29:57:Infinity":4,"s:60:7:65:Infinity":28,"f:60:34:60:40":12,"s:61:14:63:Infinity":29,"f:62:3:62:4":13,"s:62:10:62:Infinity":30,"s:64:2:64:Infinity":31,"b:64:15:64:34:64:34:64:Infinity":5,"s:68:7:68:Infinity":32,"s:69:7:69:Infinity":33,"s:70:7:70:Infinity":34,"s:71:7:71:Infinity":35,"s:72:7:72:Infinity":36,"s:78:1:102:Infinity":37,"f:83:3:83:9":14,"s:83:9:83:Infinity":38,"f:85:2:85:3":15,"b:86:3:99:Infinity:undefined:undefined:undefined:undefined":6,"s:86:3:99:Infinity":39,"b:86:7:86:19:86:19:86:37":7,"b:89:4:98:Infinity:91:4:98:Infinity":8,"s:89:4:98:Infinity":40,"s:90:5:90:Infinity":41,"b:91:4:98:Infinity:undefined:undefined:undefined:undefined":9,"s:91:4:98:Infinity":42,"b:93:5:97:Infinity:95:12:97:Infinity":10,"s:93:5:97:Infinity":43,"s:94:6:94:Infinity":44,"s:96:6:96:Infinity":45,"s:106:14:118:Infinity":46,"f:106:14:106:20":16,"b:107:2:107:Infinity:undefined:undefined:undefined:undefined":11,"s:107:2:107:Infinity":47,"s:107:16:107:Infinity":48,"s:109:14:109:Infinity":49,"s:110:15:110:Infinity":50,"b:112:2:117:Infinity:114:9:117:Infinity":12,"s:112:2:117:Infinity":51,"s:113:3:113:Infinity":52,"s:115:3:115:Infinity":53,"s:116:3:116:Infinity":54,"s:120:24:142:Infinity":55,"f:120:24:120:36":17,"s:121:2:121:Infinity":56,"b:122:2:141:Infinity:135:9:141:Infinity":13,"s:122:2:141:Infinity":57,"s:123:3:123:Infinity":58,"s:124:3:124:Infinity":59,"b:125:3:130:Infinity:128:10:130:Infinity":14,"s:125:3:130:Infinity":60,"s:126:4:126:Infinity":61,"s:127:4:127:Infinity":62,"s:129:4:129:Infinity":63,"s:131:3:131:Infinity":64,"b:132:3:134:Infinity:undefined:undefined:undefined:undefined":15,"s:132:3:134:Infinity":65,"s:133:4:133:Infinity":66,"s:136:3:136:Infinity":67,"s:137:3:137:Infinity":68,"b:138:3:140:Infinity:undefined:undefined:undefined:undefined":16,"s:138:3:140:Infinity":69,"s:139:4:139:Infinity":70,"s:144:20:172:Infinity":71,"f:144:20:144:32":18,"b:145:2:145:Infinity:undefined:undefined:undefined:undefined":17,"s:145:2:145:Infinity":72,"s:145:23:145:Infinity":73,"s:149:3:149:Infinity":74,"b:149:36:149:58:149:58:149:Infinity":18,"b:151:2:165:Infinity:undefined:undefined:undefined:undefined":19,"s:151:2:165:Infinity":75,"b:151:6:151:44:151:44:151:76":20,"b:152:3:164:Infinity:undefined:undefined:undefined:undefined":21,"s:152:3:164:Infinity":76,"b:152:7:152:36:152:36:152:68":22,"s:153:33:162:Infinity":77,"s:163:4:163:Infinity":78,"s:168:2:168:Infinity":79,"s:170:2:170:Infinity":80,"s:171:2:171:Infinity":81,"s:174:20:179:Infinity":82,"f:174:20:174:26":19,"s:175:2:175:Infinity":83,"s:176:2:176:Infinity":84,"s:177:2:177:Infinity":85,"s:178:2:178:Infinity":86,"s:181:21:183:Infinity":87,"f:181:21:181:27":20,"s:182:2:182:Infinity":88,"b:182:20:182:35:182:35:182:Infinity":23,"s:185:20:200:Infinity":89,"f:185:20:185:32":21,"s:186:2:186:Infinity":90,"b:188:2:190:Infinity:undefined:undefined:undefined:undefined":24,"s:188:2:190:Infinity":91,"s:189:3:189:Infinity":92,"b:191:2:199:Infinity:193:9:199:Infinity":25,"s:191:2:199:Infinity":93,"s:192:3:192:Infinity":94,"b:194:3:198:Infinity:196:10:198:Infinity":26,"s:194:3:198:Infinity":95,"s:195:4:195:Infinity":96,"s:197:4:197:Infinity":97,"s:202:14:218:Infinity":98,"f:202:14:202:20":22,"s:203:2:203:Infinity":99,"b:205:2:217:Infinity:214:9:217:Infinity":27,"s:205:2:217:Infinity":100,"s:206:3:206:Infinity":101,"s:207:3:207:Infinity":102,"b:208:3:213:Infinity:211:10:213:Infinity":28,"s:208:3:213:Infinity":103,"s:209:4:209:Infinity":104,"s:210:4:210:Infinity":105,"s:212:4:212:Infinity":106,"s:215:3:215:Infinity":107,"s:216:3:216:Infinity":108,"s:220:23:222:Infinity":109,"f:220:23:220:24":23,"s:221:2:221:Infinity":110,"b:221:21:221:27:221:27:221:Infinity":29,"s:225:7:235:Infinity":111,"f:225:32:225:38":24,"s:226:15:226:Infinity":112,"b:226:41:226:45:226:45:226:Infinity":30,"s:227:16:227:Infinity":113,"s:228:18:228:Infinity":114,"s:229:18:229:Infinity":115,"s:230:14:230:Infinity":116,"f:230:14:230:15":25,"s:230:29:230:Infinity":117,"s:232:2:234:Infinity":118,"b:233:5:233:Infinity:234:5:234:Infinity":31,"s:237:7:242:Infinity":119,"f:237:26:237:32":26,"s:239:3:239:Infinity":120,"b:239:36:239:58:239:58:239:Infinity":32,"b:240:2:240:Infinity:undefined:undefined:undefined:undefined":33,"s:240:2:240:Infinity":121,"s:240:19:240:Infinity":122,"s:241:2:241:Infinity":123,"s:244:7:244:Infinity":124,"f:244:26:244:32":27,"s:244:32:244:56":125,"s:246:1:267:Infinity":126}}}
}
